
============================================================
[chinese-filter.txt] 2026-05-28 14:09:12
============================================================
  ⚠️ [incompatible] Unsupported: [info] Starting @adguard/hostlist-compiler v2.1.0...
  ⚠️ [incompatible] Unsupported: [info] Starting the compiler...
  ⚠️ [incompatible] Unsupported: [info] Configuration: {...
  ⚠️ [incompatible] Unsupported: "name": "AdGuard Compiled",...
  ⚠️ [incompatible] Unsupported: "sources": [...
  ⚠️ [incompatible] Unsupported: {...
  ⚠️ [incompatible] Unsupported: "source": "/tmp/tmp6vhaj2ef.txt",...
  ⚠️ [incompatible] Unsupported: "type": "adblock"...
  ⚠️ [incompatible] Unsupported: }...
  ⚠️ [incompatible] Unsupported: ],...
  ⚠️ [incompatible] Unsupported: "transformations": [...
  ⚠️ [incompatible] Unsupported: "RemoveComments",...
  ⚠️ [incompatible] Unsupported: "RemoveModifiers",...
  ⚠️ [incompatible] Unsupported: "Compress",...
  ⚠️ [incompatible] Unsupported: "Deduplicate",...
  ⚠️ [incompatible] Unsupported: "Validate"...
  ⚠️ [incompatible] Unsupported: ]...
  ⚠️ [incompatible] Unsupported: }...
  ⚠️ [incompatible] Unsupported: [info] Start compiling /tmp/tmp6vhaj2ef.txt...
  ⚠️ [incompatible] Unsupported: [info] Original length is 23177...
  ⚠️ [incompatible] Unsupported: [info] Length after applying transformations is 23177...
  ⚠️ [incompatible] Unsupported: [info] Removed 838 comments...
  ⚠️ [incompatible] Unsupported: [info] The list was compressed from 22342 to 22340...
  ⚠️ [incompatible] Unsupported: [info] Removed modifiers from 584 rules...
  ⚠️ [incompatible] Unsupported: [info] Deduplication removed 3 rules...
  ⚠️ [incompatible] Unsupported: [info] Final length of the list is 6354...
  ⚠️ [incompatible] Unsupported: [info] Writing output to /dev/stdout...
  ⚠️ [incompatible] Unsupported: ||tw-726620180914.*.run.app^...
  ⚠️ [incompatible] Unsupported: ||zbb.bbb.*.pics^...
  ⚠️ [incompatible] Unsupported: ||fjuga.top...
  ⚠️ [incompatible] Unsupported: /^(mon|tue|wed|thu|fri|sat|sun)\d{1,2}\.\w{2}\d{1,6}\w{4}\.com$/...
  ⚠️ [incompatible] Unsupported: ||ad*.on.cc^...
  ⚠️ [incompatible] Unsupported: /^https:\/\/[a-z0-9]+\.[a-z0-9]+\.[a-z]{2,3}:\d{1,6}\/bug\?i=\d+$/...
  ⚠️ [incompatible] Unsupported: /^https:\/\/[a-z0-9]+\.[a-z0-9]+\.[a-z]{2,3}:\d{1,6}\/[a-z]{1,3}\/\d+\?is_not=/...
  ⚠️ [fixable_plain] Extracted from plain domain: -1367066484.cos....
  ⚠️ [fixable_plain] Extracted from plain domain: -1316632262.cos....
  ⚠️ [fixable_plain] Extracted from plain domain: -1316899192.cos....
  ⚠️ [fixable_plain] Extracted from plain domain: -1321533417.cos....
  ⚠️ [fixable_plain] Extracted from plain domain: -1325890192.cos....
  ⚠️ [fixable_plain] Extracted from plain domain: -90mh-gg....
  ⚠️ [incompatible] Unsupported: ://dreemdmbabys.oss-cn-...
  ⚠️ [incompatible] Unsupported: ://xingkong6688s.oss-...
  ⚠️ [incompatible] Unsupported: ||allyes....
  ⚠️ [incompatible] Unsupported: ||asd8900.oss-*.aliyuncs.com^...
  ⚠️ [incompatible] Unsupported: ||ky891.oss-*.aliyuncs.com^...
  ⚠️ [incompatible] Unsupported: ||tupian888.*.bcebos.com^...
  ⚠️ [incompatible] Unsupported: ||vns86.oss-*.aliyuncs.com^...
  ⚠️ [incompatible] Unsupported: ||zhizhizhizhi.oss-*.aliyuncs.com^...
  ⚠️ [incompatible] Unsupported: ||107.167.16.*.gif...
  ⚠️ [incompatible] Unsupported: ||107.167.22.*.gif...
  ⚠️ [incompatible] Unsupported: ||121.204.246.*.gif...
  ⚠️ [incompatible] Unsupported: ||38.33.15.*.gif...
  ⚠️ [incompatible] Unsupported: ||67.21.92.*.gif...
  ⚠️ [fixable_plain] Extracted from plain domain: .z.dkt-ib.com...
  ⚠️ [incompatible] Unsupported: ||avividone.likr.tw...
  ⚠️ [incompatible] Unsupported: ||1024wanzhai....
  ⚠️ [incompatible] Unsupported: ||adi*.cnool.net^...
  ⚠️ [incompatible] Unsupported: ||ax.*.ifeng.com^...
  ⚠️ [incompatible] Unsupported: ||impservice*.yodao.com^...
  ⚠️ [incompatible] Unsupported: ||impservice*.youdao.com^...
  ⚠️ [incompatible] Unsupported: ||itv.hexun.com...
  ⚠️ [incompatible] Unsupported: ||ja*.gamersky.com^...
  ⚠️ [incompatible] Unsupported: ||js*.abolezi.com^...
  ⚠️ [incompatible] Unsupported: ||sam*.baby-kingdom.com^...
  ⚠️ [incompatible] Unsupported: ||same*.stockstar.com^...
  ⚠️ [incompatible] Unsupported: ||sax*.sina....
  ⚠️ [incompatible] Unsupported: ||ya*.dwstatic.com^...
  ⚠️ [incompatible] Unsupported: ||a*.chajiaotong.com^...
  ⚠️ [incompatible] Unsupported: ||ac*.786ip.com^...
  ⚠️ [incompatible] Unsupported: ||ac*.faxingchina.com^...
  ⚠️ [incompatible] Unsupported: ||at*.doubanio.com^...
  ⚠️ [incompatible] Unsupported: ||bdcpro*.techweb.com.cn^...
  ⚠️ [incompatible] Unsupported: ||bdlm*.hc360.com^...
  ⚠️ [incompatible] Unsupported: ||d*.ruiwen.com^...
  ⚠️ [incompatible] Unsupported: ||d*.xinshipu.com^...
  ⚠️ [incompatible] Unsupported: ||dm*.yxlady.com^...
  ⚠️ [incompatible] Unsupported: ||dn*.ixinwei.com^...
  ⚠️ [incompatible] Unsupported: ||fanpingbi*.gaokao.com^...
  ⚠️ [incompatible] Unsupported: ||fpb*.51edu.com^...
  ⚠️ [incompatible] Unsupported: ||fpb1.chinacar....
  ⚠️ [incompatible] Unsupported: ||gcw*.2liang.cn^...
  ⚠️ [incompatible] Unsupported: ||qpb*.sohu.com^...
  ⚠️ [incompatible] Unsupported: ||res*.pinpai8.cn^...
  ⚠️ [incompatible] Unsupported: ||static*.365inews.com^...
  ⚠️ [incompatible] Unsupported: ||uc*.atobo.com^...
  ⚠️ [incompatible] Unsupported: ||union*.365inews.com^...
  ⚠️ [incompatible] Unsupported: ||ysdm*.ys137.com.cn^...
  ⚠️ [incompatible] Unsupported: .m.bookben.com^...
  ⚠️ [incompatible] Unsupported: .m.d8qu.com^...
  ⚠️ [incompatible] Unsupported: .m.fhxiaoshuo.com^...
  ⚠️ [incompatible] Unsupported: .m.gxwztv.com^...
  ⚠️ [incompatible] Unsupported: .m.kanshuzw.com^...
  ⚠️ [incompatible] Unsupported: .m.muyuge.com^...
  ⚠️ [incompatible] Unsupported: .m.qiuwu.net^...
  ⚠️ [incompatible] Unsupported: .m.wenxuemi.cc^...
  ⚠️ [incompatible] Unsupported: .m.zineworm.com^...
  ⚠️ [incompatible] Unsupported: .wap.x4399.com^...
  ⚠️ [incompatible] Unsupported: /pa.dajiahao*.top/...
共 98 条警告

============================================================
[tracking-protection.txt] 2026-05-28 14:09:12
============================================================
  ⚠️ [incompatible] Unsupported: [info] Starting @adguard/hostlist-compiler v2.1.0...
  ⚠️ [incompatible] Unsupported: [info] Starting the compiler...
  ⚠️ [incompatible] Unsupported: [info] Configuration: {...
  ⚠️ [incompatible] Unsupported: "name": "AdGuard Compiled",...
  ⚠️ [incompatible] Unsupported: "sources": [...
  ⚠️ [incompatible] Unsupported: {...
  ⚠️ [incompatible] Unsupported: "source": "/tmp/tmpwuxb0wkr.txt",...
  ⚠️ [incompatible] Unsupported: "type": "adblock"...
  ⚠️ [incompatible] Unsupported: }...
  ⚠️ [incompatible] Unsupported: ],...
  ⚠️ [incompatible] Unsupported: "transformations": [...
  ⚠️ [incompatible] Unsupported: "RemoveComments",...
  ⚠️ [incompatible] Unsupported: "RemoveModifiers",...
  ⚠️ [incompatible] Unsupported: "Compress",...
  ⚠️ [incompatible] Unsupported: "Deduplicate",...
  ⚠️ [incompatible] Unsupported: "Validate"...
  ⚠️ [incompatible] Unsupported: ]...
  ⚠️ [incompatible] Unsupported: }...
  ⚠️ [incompatible] Unsupported: [info] Start compiling /tmp/tmpwuxb0wkr.txt...
  ⚠️ [incompatible] Unsupported: [info] Original length is 198845...
  ⚠️ [incompatible] Unsupported: [info] Length after applying transformations is 198845...
  ⚠️ [incompatible] Unsupported: [info] Removed 4108 comments...
  ⚠️ [incompatible] Unsupported: [info] The list was compressed from 194740 to 194403...
  ⚠️ [incompatible] Unsupported: [info] Removed modifiers from 2992 rules...
  ⚠️ [incompatible] Unsupported: [info] Deduplication removed 25 rules...
  ⚠️ [incompatible] Unsupported: [info] Final length of the list is 84951...
  ⚠️ [incompatible] Unsupported: [info] Writing output to /dev/stdout...
  ⚠️ [incompatible] Unsupported: ||bapi-*.moengage.com^...
  ⚠️ [incompatible] Unsupported: ||cdn-*.gravityfield.ai^...
  ⚠️ [incompatible] Unsupported: ||powa-ingest-prod-*.video-player.arcpublishing.com^...
  ⚠️ [incompatible] Unsupported: ||collector-*.pxchk.net^...
  ⚠️ [incompatible] Unsupported: ||matomo-demo-*.amazonaws.com^...
  ⚠️ [incompatible] Unsupported: ||*-default-cn.rum.aliyuncs.com^...
  ⚠️ [incompatible] Unsupported: ||*-sdk.rum.aliyuncs.com^...
  ⚠️ [incompatible] Unsupported: ||ecommerce-events*.adscale.com^...
  ⚠️ [incompatible] Unsupported: ||install*.zonastat.com^...
  ⚠️ [incompatible] Unsupported: .tvp.tv^...
  ⚠️ [incompatible] Unsupported: ||log*.zijieapi.com^...
  ⚠️ [incompatible] Unsupported: ||mssdk*.zijieapi.com^...
  ⚠️ [incompatible] Unsupported: ||polaris*-normal-*.zijieapi.com^...
  ⚠️ [incompatible] Unsupported: ||tnc*.zijieapi.com^...
  ⚠️ [incompatible] Unsupported: ||pixel-*.convertagain.net^...
  ⚠️ [incompatible] Unsupported: ||collector*.ex.co^...
  ⚠️ [incompatible] Unsupported: -s2s.sensic.net^...
  ⚠️ [incompatible] Unsupported: ||collect-v*.51.la^...
  ⚠️ [incompatible] Unsupported: ||talpa-analytics....
  ⚠️ [incompatible] Unsupported: ||px*.mediahills.ru^...
  ⚠️ [incompatible] Unsupported: ||srmdata-*.com^...
  ⚠️ [incompatible] Unsupported: ||analytics*.prezly.com^...
  ⚠️ [incompatible] Unsupported: ||browser-intake-*-datadoghq.com^...
  ⚠️ [incompatible] Unsupported: ||cl*.k5a.io^...
  ⚠️ [incompatible] Unsupported: ||livetracker.*.pangea-cms.com^...
  ⚠️ [incompatible] Unsupported: ||collector-*.tvsquared.com^...
  ⚠️ [incompatible] Unsupported: ||pixelapi-*.cs.mysamba.tv^...
  ⚠️ [incompatible] Unsupported: ||logs*.smithsonian.museum^...
  ⚠️ [incompatible] Unsupported: ||snowplow-collector-*.amazonaws.com^...
  ⚠️ [incompatible] Unsupported: ||v*.sitecounter.site^...
  ⚠️ [incompatible] Unsupported: ||tag-based.s3.*.amazonaws.com^...
  ⚠️ [incompatible] Unsupported: ||suite*.linximpulse.net^...
  ⚠️ [incompatible] Unsupported: ||eclog*-*.cafe24.com^...
  ⚠️ [incompatible] Unsupported: ||rum*.cdnvideo.ru^...
  ⚠️ [incompatible] Unsupported: ||rum*.a.trbcdn.net^...
  ⚠️ [incompatible] Unsupported: ||stat.tiara....
  ⚠️ [incompatible] Unsupported: ||track.tiara....
  ⚠️ [incompatible] Unsupported: ||stats*.videonow.ru^...
  ⚠️ [incompatible] Unsupported: ||logs.juspay.in...
  ⚠️ [incompatible] Unsupported: ||parkdomainreal*.site^...
  ⚠️ [incompatible] Unsupported: ||i-*.ci360.sas.com^...
  ⚠️ [incompatible] Unsupported: ||tms-st.cdn.ngenix.net...
  ⚠️ [incompatible] Unsupported: ||zorosrv.com...
  ⚠️ [incompatible] Unsupported: ||analytics*.clickdimensions.com^...
  ⚠️ [incompatible] Unsupported: ||counter*.freecounter.ovh^...
  ⚠️ [incompatible] Unsupported: ://tru.am^...
  ⚠️ [incompatible] Unsupported: ||metrics*.fitanalytics.com^...
  ⚠️ [incompatible] Unsupported: ||hitcounter.ru...
  ⚠️ [incompatible] Unsupported: ||query*.petametrics.com^...
  ⚠️ [incompatible] Unsupported: ||script.opentracker.net...
  ⚠️ [incompatible] Unsupported: .ay.delivery^...
  ⚠️ [incompatible] Unsupported: ||sock*-goguardian.pusher.com^...
  ⚠️ [incompatible] Unsupported: ||tccd.douglas....
  ⚠️ [fixable_plain] Extracted from plain domain: .stape.net...
  ⚠️ [incompatible] Unsupported: |load.gtm....
  ⚠️ [incompatible] Unsupported: |load.sgtm....
  ⚠️ [incompatible] Unsupported: |load.ss....
  ⚠️ [incompatible] Unsupported: |load.sst....
  ⚠️ [incompatible] Unsupported: ||thegreatesthits....
  ⚠️ [incompatible] Unsupported: ||countly....
  ⚠️ [incompatible] Unsupported: ||countly-...
  ⚠️ [incompatible] Unsupported: |piwik....
  ⚠️ [incompatible] Unsupported: ||eflbundles.*.com.tr^...
  ⚠️ [incompatible] Unsupported: ||log.api-maps.yandex....
  ⚠️ [incompatible] Unsupported: ||ja*.apppure.net^...
  ⚠️ [incompatible] Unsupported: ||ats.gmarket.co.kr...
  ⚠️ [incompatible] Unsupported: -events-collector.spot.im^...
  ⚠️ [incompatible] Unsupported: -upaas.ucweb.com^...
  ⚠️ [incompatible] Unsupported: ||datadog-log.clovergames.io...
  ⚠️ [incompatible] Unsupported: ||log-v*-boot.capcutapi.com^...
  ⚠️ [incompatible] Unsupported: ||logs.collector.*.cloud.solarwinds.com^...
  ⚠️ [incompatible] Unsupported: ||agatha-log-service-*.a.run.app^...
  ⚠️ [incompatible] Unsupported: ||me9ddf.moebelix....
  ⚠️ [incompatible] Unsupported: ||spa-tracker*.spapi.io^...
  ⚠️ [incompatible] Unsupported: ||tracking.cds.dmm....
  ⚠️ [incompatible] Unsupported: ||htm*.hepsiburada.com^...
  ⚠️ [incompatible] Unsupported: ||touch.yesim....
  ⚠️ [incompatible] Unsupported: ||data-track*.yingxiong.com^...
  ⚠️ [incompatible] Unsupported: ||mon*.tiktokv.us^...
  ⚠️ [incompatible] Unsupported: ||orderana*.spankbang.com^...
  ⚠️ [incompatible] Unsupported: ||logstash-*.radio-canada.ca^...
  ⚠️ [incompatible] Unsupported: ||analytics.vgtimes....
  ⚠️ [incompatible] Unsupported: ||beehiiv-adnetwork-production.s*.amazonaws.com^...
  ⚠️ [incompatible] Unsupported: ||telemetry.*.pvp.net^...
  ⚠️ [incompatible] Unsupported: ||analyzer*.fc2.com^...
  ⚠️ [incompatible] Unsupported: ||hba*.hepsiburada.com^...
  ⚠️ [incompatible] Unsupported: prd.api.bleacherreport.com^...
  ⚠️ [incompatible] Unsupported: ||apiproxy-log-nlb-1f304af4d3ac01a4.elb.us-east-*.amazonaws.com^...
  ⚠️ [incompatible] Unsupported: ||customerevents.us-east-*.internal.dradis.netflix.com^...
  ⚠️ [incompatible] Unsupported: ||sgtm.wimdu....
  ⚠️ [incompatible] Unsupported: ||event.*.shoplive.cloud^...
  ⚠️ [incompatible] Unsupported: ||beacon-*.helpscout.net^...
  ⚠️ [incompatible] Unsupported: ||client.rum.*.amazonaws.com^...
  ⚠️ [incompatible] Unsupported: ||staging-*.ispot.tv^...
  ⚠️ [incompatible] Unsupported: ||stlog*-local.kakao.com^...
  ⚠️ [incompatible] Unsupported: ||mssdk*.capcutapi.com^...
  ⚠️ [incompatible] Unsupported: ||mon-*.lemon8-app.com^...
  ⚠️ [incompatible] Unsupported: ||mon-*.lemon8-app.us^...
  ⚠️ [incompatible] Unsupported: ||mcs-*.lemon8-app.com^...
  ⚠️ [incompatible] Unsupported: ||mcs-*.lemon8-app.us^...
  ⚠️ [incompatible] Unsupported: ||collector-*.px-client.net^...
  ⚠️ [incompatible] Unsupported: ||collector-*.px-cdn.net^...
  ⚠️ [incompatible] Unsupported: ||clickstream-*.homedepot.com^...
  ⚠️ [incompatible] Unsupported: ||acr-*-prd.samsungcloud.tv^...
  ⚠️ [fixable_plain] Extracted from plain domain: .prod.pr.analytics.console.aws.a2z.com...
  ⚠️ [incompatible] Unsupported: ||trck.*.prod-na.turntable.sonic.advertising.amazon.dev^...
  ⚠️ [incompatible] Unsupported: ||cza*.crazygames.com^...
  ⚠️ [incompatible] Unsupported: ||analytics.ahrefs....
  ⚠️ [incompatible] Unsupported: ||servo-report.keepstreams.*^...
  ⚠️ [incompatible] Unsupported: ||sgtm.fairmont....
  ⚠️ [incompatible] Unsupported: ||apple-*.le.com^...
  ⚠️ [incompatible] Unsupported: ||tracking-v*.a.run.app^...
  ⚠️ [incompatible] Unsupported: ||backstory.ebay....
  ⚠️ [incompatible] Unsupported: ||edgetrksvc.ebay....
  ⚠️ [incompatible] Unsupported: ||ubt.tracking.shopee....
  ⚠️ [incompatible] Unsupported: ||taplytics-umami.grubhub.com...
  ⚠️ [incompatible] Unsupported: |c.blue.*.com^|...
  ⚠️ [incompatible] Unsupported: ||faro-collector-prod-*.grafana.net^...
  ⚠️ [incompatible] Unsupported: ||*adapt-beacon.awsprodops.movetv.com^...
  ⚠️ [incompatible] Unsupported: ||hn-ping*.hashnode.com^...
  ⚠️ [incompatible] Unsupported: ||analytics-v*.eip.telegraph.co.uk^...
  ⚠️ [incompatible] Unsupported: ||ana*.inews24.com^...
  ⚠️ [incompatible] Unsupported: ||analytics.streamfab....
  ⚠️ [incompatible] Unsupported: ||mcs-*.tiktok.com^...
  ⚠️ [incompatible] Unsupported: ||adservice.google....
  ⚠️ [incompatible] Unsupported: ||a*.smlog.co.kr^...
  ⚠️ [incompatible] Unsupported: -tracker.biliapi.net^...
  ⚠️ [incompatible] Unsupported: ||pixel*.production-public.tubi.io^...
  ⚠️ [incompatible] Unsupported: ||ads-dmp-collect.*.karrotmarket.com^...
  ⚠️ [incompatible] Unsupported: ||telemetry*.transcend.io^...
  ⚠️ [incompatible] Unsupported: ||stats.debatdirect.tweedekamer.nl...
  ⚠️ [incompatible] Unsupported: -telemetry.officeapps.live.com^...
  ⚠️ [incompatible] Unsupported: -telemetry.officeapps.live.com.mcas.ms^...
  ⚠️ [incompatible] Unsupported: ||sgtm.fashionunited....
  ⚠️ [incompatible] Unsupported: ||pixel-*.rubiconproject.com^...
  ⚠️ [incompatible] Unsupported: ||pixel.archive....
  ⚠️ [incompatible] Unsupported: ||analytics-api.dvdfab....
  ⚠️ [incompatible] Unsupported: ||servo-report.dvdfab....
  ⚠️ [incompatible] Unsupported: ||collector.xhamster*....
  ⚠️ [incompatible] Unsupported: ||sensorsdata*.read.duokan.com^...
  ⚠️ [incompatible] Unsupported: ||analytics.*.sky.com^...
  ⚠️ [incompatible] Unsupported: ||uts.auction.co.kr...
  ⚠️ [incompatible] Unsupported: ||ad*.ettoday.net^...
  ⚠️ [incompatible] Unsupported: ||stats.zone-telechargement....
  ⚠️ [incompatible] Unsupported: ||log*.vietnamplus.vn^...
  ⚠️ [incompatible] Unsupported: ://r.i.ua^...
  ⚠️ [incompatible] Unsupported: ||adcounter*.uptolike.ru^...
  ⚠️ [incompatible] Unsupported: ||analytics-rollout-*.amazonaws.com^...
  ⚠️ [incompatible] Unsupported: ||analytics*.carambo.la^...
  ⚠️ [incompatible] Unsupported: ||app-analytics-*.snapchat.com^...
  ⚠️ [incompatible] Unsupported: ||bi-eventtracker-*.amazonaws.com^...
  ⚠️ [incompatible] Unsupported: ||button.blogs.yandex....
  ⚠️ [incompatible] Unsupported: ||c.bigmir.net...
  ⚠️ [incompatible] Unsupported: ||c*hit.zerkalo.io^...
  ⚠️ [incompatible] Unsupported: ||ce-global-track-*.amazonaws.com^...
  ⚠️ [incompatible] Unsupported: ||clog*.yuanfudao.com^...
  ⚠️ [incompatible] Unsupported: ||cnt.hd21....
  ⚠️ [incompatible] Unsupported: ||cnt.nuvid....
  ⚠️ [incompatible] Unsupported: ||cnt.proporn....
  ⚠️ [incompatible] Unsupported: ||cnt.tubeon....
  ⚠️ [incompatible] Unsupported: ||cnt.vivatube....
  ⚠️ [incompatible] Unsupported: ||cnt.winporn....
  ⚠️ [incompatible] Unsupported: ||cnt.yeptube....
  ⚠️ [incompatible] Unsupported: ||collect-elb-*.amazonaws.com^...
  ⚠️ [incompatible] Unsupported: ||collector.hamsterix....
  ⚠️ [incompatible] Unsupported: ||counter*-yadro*-ru.unblocked.lol^...
  ⚠️ [incompatible] Unsupported: ||cs*.mp3bars.com^...
  ⚠️ [incompatible] Unsupported: ||datacollect*.abtasty.com^...
  ⚠️ [incompatible] Unsupported: ||device-metrics-us*.amazon.com^...
  ⚠️ [incompatible] Unsupported: ||eum*.instana.io^...
  ⚠️ [incompatible] Unsupported: ||events-api*.outfit7.com^...
  ⚠️ [incompatible] Unsupported: ||events*.cre.ma^...
  ⚠️ [incompatible] Unsupported: ||geoloc*.9cd47096ab1495d8d3b18667f6a52b9c.com^...
  ⚠️ [incompatible] Unsupported: ||geoloc*.geo20120530.com^...
  ⚠️ [incompatible] Unsupported: ||geoloc*.geostats.ovh^...
  ⚠️ [incompatible] Unsupported: ||geoloc*.geovisite.ovh^...
  ⚠️ [incompatible] Unsupported: ||gscounters.*.gigya.com^...
  ⚠️ [incompatible] Unsupported: ||gtmdev.jabra....
  ⚠️ [incompatible] Unsupported: ||host*.carl-ras.dk^...
  ⚠️ [incompatible] Unsupported: ||host*.ncoi.nl^...
  ⚠️ [incompatible] Unsupported: ||host*.nti.nl^...
  ⚠️ [incompatible] Unsupported: ||host*.polaroid.com^...
  ⚠️ [incompatible] Unsupported: ||host*.rvshare.com^...
  ⚠️ [incompatible] Unsupported: ||host*.rigbyandpeller.com^...
  ⚠️ [incompatible] Unsupported: ||hstats*.hepsiburada.com^...
  ⚠️ [incompatible] Unsupported: ||img.opentracker.net...
  ⚠️ [incompatible] Unsupported: ||iptracker-lb-*.amazonaws.com^...
  ⚠️ [incompatible] Unsupported: ||lively-collect-elb-*.amazonaws.com^...
  ⚠️ [incompatible] Unsupported: ||log*.aliyuncs.com^...
  ⚠️ [incompatible] Unsupported: ||logger-*.dailymotion.com^...
  ⚠️ [incompatible] Unsupported: ||lt*.tritondigital.com^...
  ⚠️ [incompatible] Unsupported: ||metric*.rediff.com^...
  ⚠️ [incompatible] Unsupported: ||pixel*.adswizz.com...
  ⚠️ [incompatible] Unsupported: ||pxl-*.ozone.ru^...
  ⚠️ [incompatible] Unsupported: ||ssp*.rtb.beeline.ru^...
  ⚠️ [incompatible] Unsupported: ||st-*.dynamicyield.com^...
  ⚠️ [incompatible] Unsupported: ||stat*.1internet.tv^...
  ⚠️ [incompatible] Unsupported: ||t.delfi....
  ⚠️ [incompatible] Unsupported: ||t*.zcvh.net^...
  ⚠️ [incompatible] Unsupported: ||track.datescan.info...
  ⚠️ [incompatible] Unsupported: ||track.zalando....
  ⚠️ [incompatible] Unsupported: ||tracking.olx....
  ⚠️ [incompatible] Unsupported: ||tracking*.euroads.fi^...
  ⚠️ [incompatible] Unsupported: ||trk*.vidible.tv^...
  ⚠️ [incompatible] Unsupported: ||wa.gmx....
  ⚠️ [incompatible] Unsupported: charlestownwyllie.oaklawnnonantum.com^...
  ⚠️ [incompatible] Unsupported: |a.klaviyo.com^...
  ⚠️ [incompatible] Unsupported: ||api-*.hismarttv.com^...
  ⚠️ [incompatible] Unsupported: ||auth-*.hismarttv.com^...
  ⚠️ [incompatible] Unsupported: ||hitcrypt....
  ⚠️ [fixable_plain] Extracted from plain domain: -track-inview....
  ⚠️ [incompatible] Unsupported: directtrack.*.js...
  ⚠️ [fixable_plain] Extracted from plain domain: -unbxdAnalytics....
  ⚠️ [incompatible] Unsupported: .demandbase.*.js...
  ⚠️ [fixable_plain] Extracted from plain domain: -asset-tag....
  ⚠️ [fixable_plain] Extracted from plain domain: .gatracking.js...
  ⚠️ [incompatible] Unsupported: .histats.*.js...
  ⚠️ [incompatible] Unsupported: .hit.gemius.*.js...
  ⚠️ [fixable_plain] Extracted from plain domain: .hit.stat24....
  ⚠️ [incompatible] Unsupported: ||aviasales.*-analytics....
  ⚠️ [incompatible] Unsupported: ://a.klaviyo.com^...
  ⚠️ [incompatible] Unsupported: ||tracking.*.miui.com^...
  ⚠️ [incompatible] Unsupported: ||datacollector-*.dt.hicloud.com^...
  ⚠️ [incompatible] Unsupported: dynamic-report-api.appsflyersdk.com^...
  ⚠️ [incompatible] Unsupported: -pia.appsflyersdk.com^...
  ⚠️ [incompatible] Unsupported: -skadsdkless.appsflyersdk.com^...
  ⚠️ [incompatible] Unsupported: -adrevenue.appsflyersdk.com^...
  ⚠️ [incompatible] Unsupported: -attr.appsflyersdk.com^...
  ⚠️ [incompatible] Unsupported: gcdsdk.appsflyersdk.com^...
  ⚠️ [incompatible] Unsupported: dlsdk.appsflyersdk.com^...
  ⚠️ [incompatible] Unsupported: ||*cdn-settings.appsflyersdk.com^...
  ⚠️ [incompatible] Unsupported: ||*launches.appsflyersdk.com^...
  ⚠️ [incompatible] Unsupported: ||*conversions.appsflyersdk.com^...
  ⚠️ [incompatible] Unsupported: ||*register.appsflyersdk.com^...
  ⚠️ [incompatible] Unsupported: dlsdk.appsflyer.com^...
  ⚠️ [incompatible] Unsupported: ||log*.boomplaymusic.com^...
  ⚠️ [incompatible] Unsupported: ||log-*.isnssdk.com^...
  ⚠️ [incompatible] Unsupported: ||ping*.bidease.com^...
  ⚠️ [incompatible] Unsupported: -datareceiver.aki-game.net^...
  ⚠️ [incompatible] Unsupported: ||trace-*.free-reels.com^...
  ⚠️ [incompatible] Unsupported: ||gbxreport-*.wf.com^...
  ⚠️ [incompatible] Unsupported: ||tracking.geo.*.amazonaws.com^...
  ⚠️ [incompatible] Unsupported: ||logreport-global-dual.cool*cloud.com^...
  ⚠️ [incompatible] Unsupported: ||wslog-global-dual.cool*cloud.com^...
  ⚠️ [incompatible] Unsupported: ||weblogger-wss.cool*cloud.com^...
  ⚠️ [incompatible] Unsupported: ||track-*.hungrypanda.co^...
  ⚠️ [incompatible] Unsupported: ||trace-*.hungrypanda.co^...
  ⚠️ [incompatible] Unsupported: ||collector-*.perimeterx.net^...
  ⚠️ [incompatible] Unsupported: ||kbox-analytics-prod.s*.amazonaws.com^...
  ⚠️ [incompatible] Unsupported: ||stats.*.ronghub.com^...
  ⚠️ [incompatible] Unsupported: ||stats.*.rongnav.com^...
  ⚠️ [incompatible] Unsupported: ||sdk.fra-*.braze.eu^...
  ⚠️ [incompatible] Unsupported: ||mssdk.capcutapi.us...
  ⚠️ [incompatible] Unsupported: ||attr-logs.*.amazonaws.com^...
  ⚠️ [incompatible] Unsupported: ||event.*.karrotmarket.com^...
  ⚠️ [incompatible] Unsupported: ||mon*-misc.fqnovel.com^...
  ⚠️ [incompatible] Unsupported: ||logs-*.rebxgame.com^...
  ⚠️ [incompatible] Unsupported: -client-report.honkaiimpact3.com^...
  ⚠️ [incompatible] Unsupported: ||*-datareceiver.aki-game.net^...
  ⚠️ [incompatible] Unsupported: ||mgbsdk*.matrix.easebar.com^...
  ⚠️ [incompatible] Unsupported: ||applog*.matrix.easebar.com^...
  ⚠️ [incompatible] Unsupported: ||tnc16-*.hypic.com^...
  ⚠️ [incompatible] Unsupported: ||discovery-ios-*.ertelecom.ru^...
  ⚠️ [incompatible] Unsupported: ||ulog*.gifshow.com^...
  ⚠️ [incompatible] Unsupported: ||logservice.dbankcloud.cn...
  ⚠️ [incompatible] Unsupported: ||use-trk*.bluevoox.com^...
  ⚠️ [incompatible] Unsupported: ||t*.playdigo.live^...
  ⚠️ [incompatible] Unsupported: ||tnc*.tiktokv.us^...
  ⚠️ [incompatible] Unsupported: ||tnc*.tiktokv.com^...
  ⚠️ [incompatible] Unsupported: ||log*-normal-*.tiktokv.com...
  ⚠️ [incompatible] Unsupported: ||ulog*.kwai-pro.com^...
  ⚠️ [incompatible] Unsupported: ||mon-v*-boot.capcutapi.com^...
  ⚠️ [incompatible] Unsupported: ||tnc-va*.capcutapi.com^...
  ⚠️ [incompatible] Unsupported: ||mon-va*.capcutapi.com^...
  ⚠️ [incompatible] Unsupported: ||log-va*.capcutapi.com^...
  ⚠️ [incompatible] Unsupported: -ulogl*.kwai-pro.com^...
  ⚠️ [incompatible] Unsupported: ||ulog*.kwaipros.com^...
  ⚠️ [incompatible] Unsupported: ||snowplow-collector....
  ⚠️ [incompatible] Unsupported: ||track.*.roku.com^...
  ⚠️ [incompatible] Unsupported: ||analysis.polarisoffice.com...
  ⚠️ [incompatible] Unsupported: ||log*-normal-useast1a.lemon8-app.com^...
  ⚠️ [incompatible] Unsupported: ||hw-sh-pcdn-*.biliapi.net^...
  ⚠️ [incompatible] Unsupported: ||ali-bj-pcdn-*.biliapi.net^...
  ⚠️ [incompatible] Unsupported: -rtb.gravite.net^...
  ⚠️ [incompatible] Unsupported: ||mon*-misc-lf.fqnovel.com^...
  ⚠️ [incompatible] Unsupported: -applog*.fqnovel.com^...
  ⚠️ [incompatible] Unsupported: ||sonar*.xy.fbcdn.net^...
  ⚠️ [incompatible] Unsupported: ||admob-app-id-*.firebaseio.com^...
  ⚠️ [incompatible] Unsupported: ||analytics-*-nfl.yinzcam.com^...
  ⚠️ [incompatible] Unsupported: ||report.*.gbqofs.io^...
  ⚠️ [incompatible] Unsupported: ||logservice-*.platform.dbankcloud.cn^...
  ⚠️ [incompatible] Unsupported: ||ubacollect-*.cloud.dbankcloud.cn^...
  ⚠️ [incompatible] Unsupported: ||datacollector-*.dt.dbankcloud.cn^...
  ⚠️ [incompatible] Unsupported: -spiky.clevertap-prod.com^...
  ⚠️ [incompatible] Unsupported: ||fp-*it*.fengkongcloud.com^...
  ⚠️ [incompatible] Unsupported: ||maas-*.phunware.com^...
  ⚠️ [incompatible] Unsupported: ||imp-*.jampp.com^...
  ⚠️ [incompatible] Unsupported: ||mapi-log.qoo*.jp^...
  ⚠️ [incompatible] Unsupported: ||f-log-*.grammarly.io^...
  ⚠️ [incompatible] Unsupported: ||log*-misc-lf.amemv.com^...
  ⚠️ [incompatible] Unsupported: ||beacons*.gvt3.com^...
  ⚠️ [incompatible] Unsupported: ||appanalysis*.banggood.com^...
  ⚠️ [incompatible] Unsupported: ||liveme-sensors-collect2-*.amazonaws.com^...
  ⚠️ [incompatible] Unsupported: ||report.*.qq.com^...
  ⚠️ [incompatible] Unsupported: ||tnc16-*.byteoversea.com^...
  ⚠️ [incompatible] Unsupported: ||log*.byteoversea.com^...
  ⚠️ [incompatible] Unsupported: ||log-collector.shopee....
  ⚠️ [incompatible] Unsupported: ||seller-log-collector.shopee....
  ⚠️ [incompatible] Unsupported: ||api*.amplitude.com^...
  ⚠️ [incompatible] Unsupported: ||batchlogging*-eu.truecaller.com^...
  ⚠️ [incompatible] Unsupported: ||batchlogging*-noneu.truecaller.com^...
  ⚠️ [incompatible] Unsupported: ||tracking-*.trnox.com^...
  ⚠️ [incompatible] Unsupported: ||report*.appmetrica.webvisor.com^...
  ⚠️ [incompatible] Unsupported: ||api*.moengage.com^...
  ⚠️ [incompatible] Unsupported: ||sdk-*.moengage.com^...
  ⚠️ [incompatible] Unsupported: ||flurry.agentportal-*.yahoodns.net^...
  ⚠️ [incompatible] Unsupported: ||device-metrics-*.amazon.com^...
  ⚠️ [incompatible] Unsupported: ||flurry.agentportal.*.yahoodns.net^...
  ⚠️ [incompatible] Unsupported: ||mobileanalytics.*.amazonaws.com^...
  ⚠️ [incompatible] Unsupported: /^https:\/\/anon1.gt\d{6}.com/...
  ⚠️ [incompatible] Unsupported: /^anon1.gt\d{6}.com$/...
  ⚠️ [incompatible] Unsupported: -logsdk.kwai-pro.com^...
  ⚠️ [incompatible] Unsupported: -ulog-*.kwai-pro.com^...
  ⚠️ [incompatible] Unsupported: -ulog-*.kwaipros.com^...
  ⚠️ [incompatible] Unsupported: -ulog.*.kwai-pro.com^...
  ⚠️ [incompatible] Unsupported: -ulog.*.kwaipros.com^...
  ⚠️ [incompatible] Unsupported: -ulog.ksapisrv.com^...
  ⚠️ [incompatible] Unsupported: -ulog.kwai-pro.com^...
  ⚠️ [incompatible] Unsupported: -ulog.kwaipros.com^...
  ⚠️ [incompatible] Unsupported: -ulog.region.kwai-pro.com^...
  ⚠️ [incompatible] Unsupported: -ulogl2.kwai-pro.com^...
  ⚠️ [incompatible] Unsupported: -ulogl2.kwaipros.com^...
  ⚠️ [incompatible] Unsupported: ||ulog-*.ksapisrv.com^...
  ⚠️ [incompatible] Unsupported: ||ulog.*.ksapisrv.com^...
  ⚠️ [incompatible] Unsupported: ||ulog.*.kwai-pro.com^...
  ⚠️ [incompatible] Unsupported: ||mcs.*.tiktok.com^...
  ⚠️ [incompatible] Unsupported: ||mcs.*.tiktokv.com^...
  ⚠️ [incompatible] Unsupported: ||log*-normal-*.tiktokv.us^...
  ⚠️ [incompatible] Unsupported: ||mon*-*.tiktokv.com^...
  ⚠️ [incompatible] Unsupported: ||log*-*.tiktokv.com^...
  ⚠️ [incompatible] Unsupported: ||rtlog*.tiktokv.us^...
  ⚠️ [incompatible] Unsupported: ||rtlog*.tiktokv.com^...
  ⚠️ [incompatible] Unsupported: ||mon*-*.tiktokv.us^...
  ⚠️ [incompatible] Unsupported: ||mon-*.tiktokv.com^...
  ⚠️ [incompatible] Unsupported: ||xlog*-*.tiktokv.com^...
  ⚠️ [incompatible] Unsupported: ||mcs-va-*.tiktokv.com^...
  ⚠️ [incompatible] Unsupported: ||mkto-*.com^...
  ⚠️ [incompatible] Unsupported: |mailgun.org^...
  ⚠️ [incompatible] Unsupported: |esv2.com^[info] Finished compiling...
共 376 条警告

============================================================
[annoyances.txt] 2026-05-28 14:09:13
============================================================
  ⚠️ [incompatible] Unsupported: [info] Starting @adguard/hostlist-compiler v2.1.0...
  ⚠️ [incompatible] Unsupported: [info] Starting the compiler...
  ⚠️ [incompatible] Unsupported: [info] Configuration: {...
  ⚠️ [incompatible] Unsupported: "name": "AdGuard Compiled",...
  ⚠️ [incompatible] Unsupported: "sources": [...
  ⚠️ [incompatible] Unsupported: {...
  ⚠️ [incompatible] Unsupported: "source": "/tmp/tmpqxjm7h9h.txt",...
  ⚠️ [incompatible] Unsupported: "type": "adblock"...
  ⚠️ [incompatible] Unsupported: }...
  ⚠️ [incompatible] Unsupported: ],...
  ⚠️ [incompatible] Unsupported: "transformations": [...
  ⚠️ [incompatible] Unsupported: "RemoveComments",...
  ⚠️ [incompatible] Unsupported: "RemoveModifiers",...
  ⚠️ [incompatible] Unsupported: "Compress",...
  ⚠️ [incompatible] Unsupported: "Deduplicate",...
  ⚠️ [incompatible] Unsupported: "Validate"...
  ⚠️ [incompatible] Unsupported: ]...
  ⚠️ [incompatible] Unsupported: }...
  ⚠️ [incompatible] Unsupported: [info] Start compiling /tmp/tmpqxjm7h9h.txt...
  ⚠️ [incompatible] Unsupported: [info] Original length is 64768...
  ⚠️ [incompatible] Unsupported: [info] Length after applying transformations is 64768...
  ⚠️ [incompatible] Unsupported: [info] Removed 7925 comments...
  ⚠️ [incompatible] Unsupported: [info] The list was compressed from 56846 to 56842...
  ⚠️ [incompatible] Unsupported: [info] Removed modifiers from 741 rules...
  ⚠️ [incompatible] Unsupported: [info] Deduplication removed 2 rules...
  ⚠️ [incompatible] Unsupported: [info] Final length of the list is 907...
  ⚠️ [incompatible] Unsupported: [info] Writing output to /dev/stdout...
  ⚠️ [incompatible] Unsupported: ||cookie-sl.s3.*.amazonaws.com^...
  ⚠️ [incompatible] Unsupported: -cookie-banner-...
  ⚠️ [fixable_plain] Extracted from plain domain: -cookie-cnil....
  ⚠️ [fixable_plain] Extracted from plain domain: -cookie-law-popup....
  ⚠️ [fixable_plain] Extracted from plain domain: -cookie-law.js...
  ⚠️ [fixable_plain] Extracted from plain domain: -cookie-message.js...
  ⚠️ [fixable_plain] Extracted from plain domain: -cookie-msg-bar....
  ⚠️ [fixable_plain] Extracted from plain domain: -cookie-notice....
  ⚠️ [fixable_plain] Extracted from plain domain: -cookie-policy....
  ⚠️ [incompatible] Unsupported: -cookieconsent-...
  ⚠️ [fixable_plain] Extracted from plain domain: -CookieInfo....
  ⚠️ [fixable_plain] Extracted from plain domain: -cookiePolicy....
  ⚠️ [fixable_plain] Extracted from plain domain: -cookies-policy....
  ⚠️ [fixable_plain] Extracted from plain domain: -eucookie....
  ⚠️ [incompatible] Unsupported: -privacy-cookie-...
  ⚠️ [fixable_plain] Extracted from plain domain: .cookielaw.js...
  ⚠️ [fixable_plain] Extracted from plain domain: .cookienotice....
  ⚠️ [fixable_plain] Extracted from plain domain: .cookiepolicy....
  ⚠️ [fixable_plain] Extracted from plain domain: .cookiesdirective....
  ⚠️ [fixable_plain] Extracted from plain domain: .cookiesmessage....
  ⚠️ [fixable_plain] Extracted from plain domain: .cookiesPolicy....
  ⚠️ [fixable_plain] Extracted from plain domain: .divascookies-...
  ⚠️ [fixable_plain] Extracted from plain domain: .EuCookieCompliance....
  ⚠️ [fixable_plain] Extracted from plain domain: .fscookieconsent....
  ⚠️ [incompatible] Unsupported: ||policy*.cookieinformation.com^...
  ⚠️ [incompatible] Unsupported: .usercentrics.eu^...
  ⚠️ [incompatible] Unsupported: ||cdn*.pdmntn.com^...
  ⚠️ [incompatible] Unsupported: ||sdk.*.braze.com^...
  ⚠️ [incompatible] Unsupported: .vafrike.ru^...
  ⚠️ [incompatible] Unsupported: ||widgets.*.webengage.com^...
  ⚠️ [incompatible] Unsupported: ||cdn.hostpush.info...
  ⚠️ [incompatible] Unsupported: ||btn.createsend*.com^...
  ⚠️ [incompatible] Unsupported: ||livechatv2.chat2desk.com...
  ⚠️ [incompatible] Unsupported: ||chat*-ce.chatdealer.jp^...
  ⚠️ [incompatible] Unsupported: ||widget-v*.tidiochat.com^...
  ⚠️ [incompatible] Unsupported: ||cloud.lexprofit....
  ⚠️ [incompatible] Unsupported: ||livechat.chat2desk.com...
  ⚠️ [incompatible] Unsupported: ||informer.minfin.com.ua...
共 65 条警告

============================================================
[annoyances-cookie-notices.txt] 2026-05-28 14:09:13
============================================================
  ⚠️ [incompatible] Unsupported: [info] Starting @adguard/hostlist-compiler v2.1.0...
  ⚠️ [incompatible] Unsupported: [info] Starting the compiler...
  ⚠️ [incompatible] Unsupported: [info] Configuration: {...
  ⚠️ [incompatible] Unsupported: "name": "AdGuard Compiled",...
  ⚠️ [incompatible] Unsupported: "sources": [...
  ⚠️ [incompatible] Unsupported: {...
  ⚠️ [incompatible] Unsupported: "source": "/tmp/tmpd30wp5ck.txt",...
  ⚠️ [incompatible] Unsupported: "type": "adblock"...
  ⚠️ [incompatible] Unsupported: }...
  ⚠️ [incompatible] Unsupported: ],...
  ⚠️ [incompatible] Unsupported: "transformations": [...
  ⚠️ [incompatible] Unsupported: "RemoveComments",...
  ⚠️ [incompatible] Unsupported: "RemoveModifiers",...
  ⚠️ [incompatible] Unsupported: "Compress",...
  ⚠️ [incompatible] Unsupported: "Deduplicate",...
  ⚠️ [incompatible] Unsupported: "Validate"...
  ⚠️ [incompatible] Unsupported: ]...
  ⚠️ [incompatible] Unsupported: }...
  ⚠️ [incompatible] Unsupported: [info] Start compiling /tmp/tmpd30wp5ck.txt...
  ⚠️ [incompatible] Unsupported: [info] Original length is 24124...
  ⚠️ [incompatible] Unsupported: [info] Length after applying transformations is 24124...
  ⚠️ [incompatible] Unsupported: [info] Removed 3054 comments...
  ⚠️ [incompatible] Unsupported: [info] The list was compressed from 21073 to 21073...
  ⚠️ [incompatible] Unsupported: [info] Removed modifiers from 102 rules...
  ⚠️ [incompatible] Unsupported: [info] Deduplication removed 1 rules...
  ⚠️ [incompatible] Unsupported: [info] Final length of the list is 213...
  ⚠️ [incompatible] Unsupported: [info] Writing output to /dev/stdout...
  ⚠️ [incompatible] Unsupported: ||cookie-sl.s3.*.amazonaws.com^...
  ⚠️ [incompatible] Unsupported: -cookie-banner-...
  ⚠️ [fixable_plain] Extracted from plain domain: -cookie-cnil....
  ⚠️ [fixable_plain] Extracted from plain domain: -cookie-law-popup....
  ⚠️ [fixable_plain] Extracted from plain domain: -cookie-law.js...
  ⚠️ [fixable_plain] Extracted from plain domain: -cookie-message.js...
  ⚠️ [fixable_plain] Extracted from plain domain: -cookie-msg-bar....
  ⚠️ [fixable_plain] Extracted from plain domain: -cookie-notice....
  ⚠️ [fixable_plain] Extracted from plain domain: -cookie-policy....
  ⚠️ [incompatible] Unsupported: -cookieconsent-...
  ⚠️ [fixable_plain] Extracted from plain domain: -CookieInfo....
  ⚠️ [fixable_plain] Extracted from plain domain: -cookiePolicy....
  ⚠️ [fixable_plain] Extracted from plain domain: -cookies-policy....
  ⚠️ [fixable_plain] Extracted from plain domain: -eucookie....
  ⚠️ [incompatible] Unsupported: -privacy-cookie-...
  ⚠️ [fixable_plain] Extracted from plain domain: .cookielaw.js...
  ⚠️ [fixable_plain] Extracted from plain domain: .cookienotice....
  ⚠️ [fixable_plain] Extracted from plain domain: .cookiepolicy....
  ⚠️ [fixable_plain] Extracted from plain domain: .cookiesdirective....
  ⚠️ [fixable_plain] Extracted from plain domain: .cookiesmessage....
  ⚠️ [fixable_plain] Extracted from plain domain: .cookiesPolicy....
  ⚠️ [fixable_plain] Extracted from plain domain: .divascookies-...
  ⚠️ [fixable_plain] Extracted from plain domain: .EuCookieCompliance....
  ⚠️ [fixable_plain] Extracted from plain domain: .fscookieconsent....
  ⚠️ [incompatible] Unsupported: ||policy*.cookieinformation.com^...
  ⚠️ [incompatible] Unsupported: .usercentrics.eu^...
共 53 条警告

============================================================
[annoyances-mobile-app-banners.txt] 2026-05-28 14:09:14
============================================================
  ⚠️ [incompatible] Unsupported: [info] Starting @adguard/hostlist-compiler v2.1.0...
  ⚠️ [incompatible] Unsupported: [info] Starting the compiler...
  ⚠️ [incompatible] Unsupported: [info] Configuration: {...
  ⚠️ [incompatible] Unsupported: "name": "AdGuard Compiled",...
  ⚠️ [incompatible] Unsupported: "sources": [...
  ⚠️ [incompatible] Unsupported: {...
  ⚠️ [incompatible] Unsupported: "source": "/tmp/tmpv7nyoju4.txt",...
  ⚠️ [incompatible] Unsupported: "type": "adblock"...
  ⚠️ [incompatible] Unsupported: }...
  ⚠️ [incompatible] Unsupported: ],...
  ⚠️ [incompatible] Unsupported: "transformations": [...
  ⚠️ [incompatible] Unsupported: "RemoveComments",...
  ⚠️ [incompatible] Unsupported: "RemoveModifiers",...
  ⚠️ [incompatible] Unsupported: "Compress",...
  ⚠️ [incompatible] Unsupported: "Deduplicate",...
  ⚠️ [incompatible] Unsupported: "Validate"...
  ⚠️ [incompatible] Unsupported: ]...
  ⚠️ [incompatible] Unsupported: }...
  ⚠️ [incompatible] Unsupported: [info] Start compiling /tmp/tmpv7nyoju4.txt...
  ⚠️ [incompatible] Unsupported: [info] Original length is 4239...
  ⚠️ [incompatible] Unsupported: [info] Length after applying transformations is 4239...
  ⚠️ [incompatible] Unsupported: [info] Removed 273 comments...
  ⚠️ [incompatible] Unsupported: [info] The list was compressed from 3969 to 3969...
  ⚠️ [incompatible] Unsupported: [info] Removed modifiers from 1 rules...
  ⚠️ [incompatible] Unsupported: [info] Deduplication removed 0 rules...
  ⚠️ [incompatible] Unsupported: [info] Final length of the list is 9...
  ⚠️ [incompatible] Unsupported: [info] Writing output to /dev/stdout...
共 27 条警告

============================================================
[annoyances-widgets.txt] 2026-05-28 14:09:14
============================================================
  ⚠️ [incompatible] Unsupported: [info] Starting @adguard/hostlist-compiler v2.1.0...
  ⚠️ [incompatible] Unsupported: [info] Starting the compiler...
  ⚠️ [incompatible] Unsupported: [info] Configuration: {...
  ⚠️ [incompatible] Unsupported: "name": "AdGuard Compiled",...
  ⚠️ [incompatible] Unsupported: "sources": [...
  ⚠️ [incompatible] Unsupported: {...
  ⚠️ [incompatible] Unsupported: "source": "/tmp/tmpgg205sya.txt",...
  ⚠️ [incompatible] Unsupported: "type": "adblock"...
  ⚠️ [incompatible] Unsupported: }...
  ⚠️ [incompatible] Unsupported: ],...
  ⚠️ [incompatible] Unsupported: "transformations": [...
  ⚠️ [incompatible] Unsupported: "RemoveComments",...
  ⚠️ [incompatible] Unsupported: "RemoveModifiers",...
  ⚠️ [incompatible] Unsupported: "Compress",...
  ⚠️ [incompatible] Unsupported: "Deduplicate",...
  ⚠️ [incompatible] Unsupported: "Validate"...
  ⚠️ [incompatible] Unsupported: ]...
  ⚠️ [incompatible] Unsupported: }...
  ⚠️ [incompatible] Unsupported: [info] Start compiling /tmp/tmpgg205sya.txt...
  ⚠️ [incompatible] Unsupported: [info] Original length is 2885...
  ⚠️ [incompatible] Unsupported: [info] Length after applying transformations is 2885...
  ⚠️ [incompatible] Unsupported: [info] Removed 285 comments...
  ⚠️ [incompatible] Unsupported: [info] The list was compressed from 2603 to 2603...
  ⚠️ [incompatible] Unsupported: [info] Removed modifiers from 270 rules...
  ⚠️ [incompatible] Unsupported: [info] Deduplication removed 1 rules...
  ⚠️ [incompatible] Unsupported: [info] Final length of the list is 259...
  ⚠️ [incompatible] Unsupported: [info] Writing output to /dev/stdout...
  ⚠️ [incompatible] Unsupported: ||livechatv2.chat2desk.com...
  ⚠️ [incompatible] Unsupported: ||chat*-ce.chatdealer.jp^...
  ⚠️ [incompatible] Unsupported: ||widget-v*.tidiochat.com^...
  ⚠️ [incompatible] Unsupported: ||cloud.lexprofit....
  ⚠️ [incompatible] Unsupported: ||livechat.chat2desk.com...
  ⚠️ [incompatible] Unsupported: ||informer.minfin.com.ua...
共 33 条警告

============================================================
[annoyances-other.txt] 2026-05-28 14:09:14
============================================================
  ⚠️ [incompatible] Unsupported: [info] Starting @adguard/hostlist-compiler v2.1.0...
  ⚠️ [incompatible] Unsupported: [info] Starting the compiler...
  ⚠️ [incompatible] Unsupported: [info] Configuration: {...
  ⚠️ [incompatible] Unsupported: "name": "AdGuard Compiled",...
  ⚠️ [incompatible] Unsupported: "sources": [...
  ⚠️ [incompatible] Unsupported: {...
  ⚠️ [incompatible] Unsupported: "source": "/tmp/tmpdtvvn2wa.txt",...
  ⚠️ [incompatible] Unsupported: "type": "adblock"...
  ⚠️ [incompatible] Unsupported: }...
  ⚠️ [incompatible] Unsupported: ],...
  ⚠️ [incompatible] Unsupported: "transformations": [...
  ⚠️ [incompatible] Unsupported: "RemoveComments",...
  ⚠️ [incompatible] Unsupported: "RemoveModifiers",...
  ⚠️ [incompatible] Unsupported: "Compress",...
  ⚠️ [incompatible] Unsupported: "Deduplicate",...
  ⚠️ [incompatible] Unsupported: "Validate"...
  ⚠️ [incompatible] Unsupported: ]...
  ⚠️ [incompatible] Unsupported: }...
  ⚠️ [incompatible] Unsupported: [info] Start compiling /tmp/tmpdtvvn2wa.txt...
  ⚠️ [incompatible] Unsupported: [info] Original length is 11262...
  ⚠️ [incompatible] Unsupported: [info] Length after applying transformations is 11262...
  ⚠️ [incompatible] Unsupported: [info] Removed 3099 comments...
  ⚠️ [incompatible] Unsupported: [info] The list was compressed from 8166 to 8166...
  ⚠️ [incompatible] Unsupported: [info] Removed modifiers from 10 rules...
  ⚠️ [incompatible] Unsupported: [info] Deduplication removed 0 rules...
  ⚠️ [incompatible] Unsupported: [info] Final length of the list is 22...
  ⚠️ [incompatible] Unsupported: [info] Writing output to /dev/stdout...
共 27 条警告

============================================================
[annoyances-popups.txt] 2026-05-28 14:09:14
============================================================
  ⚠️ [incompatible] Unsupported: [info] Starting @adguard/hostlist-compiler v2.1.0...
  ⚠️ [incompatible] Unsupported: [info] Starting the compiler...
  ⚠️ [incompatible] Unsupported: [info] Configuration: {...
  ⚠️ [incompatible] Unsupported: "name": "AdGuard Compiled",...
  ⚠️ [incompatible] Unsupported: "sources": [...
  ⚠️ [incompatible] Unsupported: {...
  ⚠️ [incompatible] Unsupported: "source": "/tmp/tmpnu4na1tq.txt",...
  ⚠️ [incompatible] Unsupported: "type": "adblock"...
  ⚠️ [incompatible] Unsupported: }...
  ⚠️ [incompatible] Unsupported: ],...
  ⚠️ [incompatible] Unsupported: "transformations": [...
  ⚠️ [incompatible] Unsupported: "RemoveComments",...
  ⚠️ [incompatible] Unsupported: "RemoveModifiers",...
  ⚠️ [incompatible] Unsupported: "Compress",...
  ⚠️ [incompatible] Unsupported: "Deduplicate",...
  ⚠️ [incompatible] Unsupported: "Validate"...
  ⚠️ [incompatible] Unsupported: ]...
  ⚠️ [incompatible] Unsupported: }...
  ⚠️ [incompatible] Unsupported: [info] Start compiling /tmp/tmpnu4na1tq.txt...
  ⚠️ [incompatible] Unsupported: [info] Original length is 22269...
  ⚠️ [incompatible] Unsupported: [info] Length after applying transformations is 22269...
  ⚠️ [incompatible] Unsupported: [info] Removed 1237 comments...
  ⚠️ [incompatible] Unsupported: [info] The list was compressed from 21035 to 21035...
  ⚠️ [incompatible] Unsupported: [info] Removed modifiers from 358 rules...
  ⚠️ [incompatible] Unsupported: [info] Deduplication removed 0 rules...
  ⚠️ [incompatible] Unsupported: [info] Final length of the list is 432...
  ⚠️ [incompatible] Unsupported: [info] Writing output to /dev/stdout...
  ⚠️ [incompatible] Unsupported: ||cdn*.pdmntn.com^...
  ⚠️ [incompatible] Unsupported: ||sdk.*.braze.com^...
  ⚠️ [incompatible] Unsupported: .vafrike.ru^...
  ⚠️ [incompatible] Unsupported: ||widgets.*.webengage.com^...
  ⚠️ [incompatible] Unsupported: ||cdn.hostpush.info...
  ⚠️ [incompatible] Unsupported: ||btn.createsend*.com^...
共 33 条警告

============================================================
[social-media.txt] 2026-05-28 14:09:15
============================================================
  ⚠️ [incompatible] Unsupported: [info] Starting @adguard/hostlist-compiler v2.1.0...
  ⚠️ [incompatible] Unsupported: [info] Starting the compiler...
  ⚠️ [incompatible] Unsupported: [info] Configuration: {...
  ⚠️ [incompatible] Unsupported: "name": "AdGuard Compiled",...
  ⚠️ [incompatible] Unsupported: "sources": [...
  ⚠️ [incompatible] Unsupported: {...
  ⚠️ [incompatible] Unsupported: "source": "/tmp/tmpkylm2ypl.txt",...
  ⚠️ [incompatible] Unsupported: "type": "adblock"...
  ⚠️ [incompatible] Unsupported: }...
  ⚠️ [incompatible] Unsupported: ],...
  ⚠️ [incompatible] Unsupported: "transformations": [...
  ⚠️ [incompatible] Unsupported: "RemoveComments",...
  ⚠️ [incompatible] Unsupported: "RemoveModifiers",...
  ⚠️ [incompatible] Unsupported: "Compress",...
  ⚠️ [incompatible] Unsupported: "Deduplicate",...
  ⚠️ [incompatible] Unsupported: "Validate"...
  ⚠️ [incompatible] Unsupported: ]...
  ⚠️ [incompatible] Unsupported: }...
  ⚠️ [incompatible] Unsupported: [info] Start compiling /tmp/tmpkylm2ypl.txt...
  ⚠️ [incompatible] Unsupported: [info] Original length is 16902...
  ⚠️ [incompatible] Unsupported: [info] Length after applying transformations is 16902...
  ⚠️ [incompatible] Unsupported: [info] Removed 881 comments...
  ⚠️ [incompatible] Unsupported: [info] The list was compressed from 16024 to 16024...
  ⚠️ [incompatible] Unsupported: [info] Removed modifiers from 154 rules...
  ⚠️ [incompatible] Unsupported: [info] Deduplication removed 0 rules...
  ⚠️ [incompatible] Unsupported: [info] Final length of the list is 60...
  ⚠️ [incompatible] Unsupported: [info] Writing output to /dev/stdout...
  ⚠️ [incompatible] Unsupported: ||hn-button.herokuapp.com...
  ⚠️ [incompatible] Unsupported: ||static.addtoany.com...
  ⚠️ [incompatible] Unsupported: ||twitter-badges....
  ⚠️ [incompatible] Unsupported: ||knopka.fishurl.ru...
  ⚠️ [incompatible] Unsupported: .icon-google-plus[info] Finished compiling...
共 32 条警告

============================================================
[dns-filter.txt] 2026-05-28 14:09:18
============================================================
  ⚠️ [incompatible] Unsupported: [info] Starting @adguard/hostlist-compiler v2.1.0...
  ⚠️ [incompatible] Unsupported: [info] Starting the compiler...
  ⚠️ [incompatible] Unsupported: [info] Configuration: {...
  ⚠️ [incompatible] Unsupported: "name": "AdGuard Compiled",...
  ⚠️ [incompatible] Unsupported: "sources": [...
  ⚠️ [incompatible] Unsupported: {...
  ⚠️ [incompatible] Unsupported: "source": "/tmp/tmptyjjvy15.txt",...
  ⚠️ [incompatible] Unsupported: "type": "adblock"...
  ⚠️ [incompatible] Unsupported: }...
  ⚠️ [incompatible] Unsupported: ],...
  ⚠️ [incompatible] Unsupported: "transformations": [...
  ⚠️ [incompatible] Unsupported: "RemoveComments",...
  ⚠️ [incompatible] Unsupported: "RemoveModifiers",...
  ⚠️ [incompatible] Unsupported: "Compress",...
  ⚠️ [incompatible] Unsupported: "Deduplicate",...
  ⚠️ [incompatible] Unsupported: "Validate"...
  ⚠️ [incompatible] Unsupported: ]...
  ⚠️ [incompatible] Unsupported: }...
  ⚠️ [incompatible] Unsupported: [info] Start compiling /tmp/tmptyjjvy15.txt...
  ⚠️ [incompatible] Unsupported: [info] Original length is 165860...
  ⚠️ [incompatible] Unsupported: [info] Length after applying transformations is 165860...
  ⚠️ [incompatible] Unsupported: [info] Removed 1586 comments...
  ⚠️ [incompatible] Unsupported: [info] The list was compressed from 164277 to 164277...
  ⚠️ [incompatible] Unsupported: [info] Removed modifiers from 0 rules...
  ⚠️ [incompatible] Unsupported: [info] Deduplication removed 0 rules...
  ⚠️ [incompatible] Unsupported: [info] Final length of the list is 164212...
  ⚠️ [incompatible] Unsupported: [info] Writing output to /dev/stdout...
  ⚠️ [incompatible] Unsupported: ||direct-specific.com...
  ⚠️ [incompatible] Unsupported: ||ad-host-backup-*.aliyuncs.com^...
  ⚠️ [incompatible] Unsupported: ||st-n.ads*-adnow.com^...
  ⚠️ [incompatible] Unsupported: ||reachableads-av.*.amazonaws.com^...
  ⚠️ [incompatible] Unsupported: /^139\.45\.197\.2(4[0-9]|5[0-4]):/...
  ⚠️ [incompatible] Unsupported: /^139\.45\.197\.2(4[0-9]|5[0-4])/...
  ⚠️ [incompatible] Unsupported: ||ads.livetv*.me^...
  ⚠️ [incompatible] Unsupported: ||counter*.stat.ovh^...
  ⚠️ [incompatible] Unsupported: ||fxhpaoxqyajvmdg....
  ⚠️ [incompatible] Unsupported: ||rgfftupf....
  ⚠️ [incompatible] Unsupported: ||clk.rtpdn*.com^...
  ⚠️ [incompatible] Unsupported: ||teleriumads-*.netdna-ssl.com^...
  ⚠️ [incompatible] Unsupported: ||putrr*.com^...
  ⚠️ [incompatible] Unsupported: .bbelements.com^...
  ⚠️ [incompatible] Unsupported: .doublepimp.com^...
  ⚠️ [incompatible] Unsupported: ||block.s*block.com^...
  ⚠️ [incompatible] Unsupported: ||mf*.advantage.as^...
  ⚠️ [incompatible] Unsupported: ||www.fuze-hill*.xyz^...
  ⚠️ [incompatible] Unsupported: ||www.fuze-sea*.xyz^...
  ⚠️ [incompatible] Unsupported: /^94\.242\.247\.(2[0-9]|3[0-2]):/...
  ⚠️ [incompatible] Unsupported: /^94\.242\.247\.(2[0-9]|3[0-2])/...
  ⚠️ [incompatible] Unsupported: /^23\.109\.170\.(18[7-9]|19[0-2])$/...
  ⚠️ [incompatible] Unsupported: /^23\.109\.73\.\d{3}/...
  ⚠️ [incompatible] Unsupported: /^188\.42\.84\.\d{1,3}/...
  ⚠️ [incompatible] Unsupported: /^139\.45\.19[5-7]\.\d{1,3}/...
  ⚠️ [incompatible] Unsupported: /^142\.91\.159\.(1[5-9]\d|2[0-4]\d|250):(80|443)$/...
  ⚠️ [incompatible] Unsupported: ||*.exaapi.com^...
  ⚠️ [incompatible] Unsupported: ||advertising.civitai....
  ⚠️ [incompatible] Unsupported: ||*two-gun-volley.pages.dev^...
  ⚠️ [incompatible] Unsupported: ||id-msp.newsbreak.com...
  ⚠️ [incompatible] Unsupported: ||advert*.livesportmedia.eu^...
  ⚠️ [incompatible] Unsupported: ||prebid-*.rubiconproject.com^...
  ⚠️ [incompatible] Unsupported: ||pijama.*.elasticbeanstalk.com^...
  ⚠️ [incompatible] Unsupported: wykop.pl$badfilter...
  ⚠️ [incompatible] Unsupported: .n.2.1.js^...
  ⚠️ [incompatible] Unsupported: .n.2.1.l60.js^...
  ⚠️ [incompatible] Unsupported: .1.1.1.l80.js^...
  ⚠️ [fixable_plain] Extracted from plain domain: .3.n.2.1.l50.js...
  ⚠️ [fixable_plain] Extracted from plain domain: .3.n.2.2.l30.js...
  ⚠️ [incompatible] Unsupported: ://mine.torrent.pw^...
  ⚠️ [incompatible] Unsupported: ||hostingcloud.*.wasm^...
  ⚠️ [incompatible] Unsupported: vkcdnservice.appspot.com^...
  ⚠️ [incompatible] Unsupported: ||freecontent.date...
  ⚠️ [incompatible] Unsupported: ||freecontent.stream...
  ⚠️ [incompatible] Unsupported: ||s*.skencituer.com^...
  ⚠️ [incompatible] Unsupported: ||daleelerah.info...
  ⚠️ [incompatible] Unsupported: ||get-me-wow....
  ⚠️ [incompatible] Unsupported: /(https?:\/\/)213\.32\.115\..{100,}/...
  ⚠️ [incompatible] Unsupported: /(https?:\/\/)217\.182\.11\..{100,}/...
  ⚠️ [incompatible] Unsupported: /(https?:\/\/)51\.195\.31\..{100,}/...
  ⚠️ [incompatible] Unsupported: ||util-*.simply-hentai.com^...
  ⚠️ [incompatible] Unsupported: ||allsportsflix....
  ⚠️ [incompatible] Unsupported: ||*.libaishuo.com^...
  ⚠️ [incompatible] Unsupported: ||adv0*.msa.cdn.mediaset.net^...
  ⚠️ [incompatible] Unsupported: /^https:\/\/(a|c)\.[0-9a-f]{56}\.com$/...
  ⚠️ [incompatible] Unsupported: /^(a|c)\.[0-9a-f]{56}\.com$/...
  ⚠️ [incompatible] Unsupported: ||adapi*.boomplaymusic.com^...
  ⚠️ [incompatible] Unsupported: ||nelonenmedia-pmd-ads-*.nm-stream.nelonenmedia.fi^...
  ⚠️ [incompatible] Unsupported: ||ads*-normal*.zijieapi.com^...
  ⚠️ [incompatible] Unsupported: ||ad*.zonaplus.tv^...
  ⚠️ [incompatible] Unsupported: ||api16-access-ttp*.tiktokpangle-b.us^...
  ⚠️ [incompatible] Unsupported: ||pavoshare.com...
  ⚠️ [incompatible] Unsupported: ||global-staticplat.cdn.bcebos.com...
  ⚠️ [incompatible] Unsupported: ||creative*.bidease.com^...
  ⚠️ [incompatible] Unsupported: ||ads*-normal-*.zijieapi.com^...
  ⚠️ [incompatible] Unsupported: -adx-*.rayjump.com^...
  ⚠️ [incompatible] Unsupported: ||ads*.textra.me^...
  ⚠️ [incompatible] Unsupported: ||ads-*-nfl.yinzcam.com^...
  ⚠️ [incompatible] Unsupported: ||aan.amazon.*^...
  ⚠️ [incompatible] Unsupported: ||ads*.production-public.tubi.io^...
  ⚠️ [incompatible] Unsupported: ||mob*.novanewsapp.com^...
  ⚠️ [incompatible] Unsupported: ||ad-*.amazonaws.com^...
  ⚠️ [incompatible] Unsupported: ||ads*-normal-lq.zijieapi.com^...
  ⚠️ [incompatible] Unsupported: ||v*-ad.video.yximgs.com^...
  ⚠️ [incompatible] Unsupported: ||ads*.bojijulebu.com^...
  ⚠️ [incompatible] Unsupported: ||ir-new-cdn-eu-west-*-hb.rayjump.com^...
  ⚠️ [incompatible] Unsupported: ||adcs-*.myappsget.com^...
  ⚠️ [incompatible] Unsupported: ||prebid-cache*.ifunny.co^...
  ⚠️ [incompatible] Unsupported: ||mobiadvert*.livesportmedia.eu^...
  ⚠️ [incompatible] Unsupported: ||jtbo*.nqxvevk.cn^...
  ⚠️ [incompatible] Unsupported: ||adx-*.dbankcloud....
  ⚠️ [incompatible] Unsupported: ||ad-*.appacc.dbankedge.cn^...
  ⚠️ [incompatible] Unsupported: ||adx-*.dbankedge.cn^...
  ⚠️ [incompatible] Unsupported: ||adx-*.op.dbankcloud.com.edgekey.net^...
  ⚠️ [incompatible] Unsupported: ||api-ad-callback.mobiuspace.net...
  ⚠️ [incompatible] Unsupported: ||marketplace-*.hyprmx.com^...
  ⚠️ [incompatible] Unsupported: ||events-*.op.hicloud.com^...
  ⚠️ [incompatible] Unsupported: ||ms*.applvn.com^...
  ⚠️ [incompatible] Unsupported: ||api*.bidmachine.io^...
  ⚠️ [incompatible] Unsupported: ||banner.*.tccapis.com^...
  ⚠️ [incompatible] Unsupported: ||deliveryengine.adswizz.com...
  ⚠️ [incompatible] Unsupported: ||api*.batmobi.net^...
  ⚠️ [incompatible] Unsupported: ||api*.batmobil.net^...
  ⚠️ [incompatible] Unsupported: ||api.cloudmobi.net...
  ⚠️ [incompatible] Unsupported: ||adserver.*.yahoodns.net^...
  ⚠️ [incompatible] Unsupported: ||config.appjolt.com...
  ⚠️ [incompatible] Unsupported: ://o0e.ru^...
  ⚠️ [incompatible] Unsupported: ||ad*.nexage.com^...
  ⚠️ [incompatible] Unsupported: ||iad-*.appboy.com^...
  ⚠️ [incompatible] Unsupported: ||mediate-ios-*.hyprmx.com^...
  ⚠️ [incompatible] Unsupported: ||production-adserver-*.amazonaws.com^...
  ⚠️ [incompatible] Unsupported: ||rtbimp-loadbalancer-*.amazonaws.com^...
  ⚠️ [incompatible] Unsupported: ||deloton.com$important...
  ⚠️ [incompatible] Unsupported: ||oclasrv.com$important...
  ⚠️ [incompatible] Unsupported: ||bapi-*.moengage.com^...
  ⚠️ [incompatible] Unsupported: ||cdn-*.gravityfield.ai^...
  ⚠️ [incompatible] Unsupported: ||powa-ingest-prod-*.video-player.arcpublishing.com^...
  ⚠️ [incompatible] Unsupported: ||collector-*.pxchk.net^...
  ⚠️ [incompatible] Unsupported: ||matomo-demo-*.amazonaws.com^...
  ⚠️ [incompatible] Unsupported: ||*-default-cn.rum.aliyuncs.com^...
  ⚠️ [incompatible] Unsupported: ||*-sdk.rum.aliyuncs.com^...
  ⚠️ [incompatible] Unsupported: ||ecommerce-events*.adscale.com^...
  ⚠️ [incompatible] Unsupported: ||install*.zonastat.com^...
  ⚠️ [incompatible] Unsupported: .tvp.tv^...
  ⚠️ [incompatible] Unsupported: ||log*.zijieapi.com^...
  ⚠️ [incompatible] Unsupported: ||mssdk*.zijieapi.com^...
  ⚠️ [incompatible] Unsupported: ||polaris*-normal-*.zijieapi.com^...
  ⚠️ [incompatible] Unsupported: ||tnc*.zijieapi.com^...
  ⚠️ [incompatible] Unsupported: ||pixel-*.convertagain.net^...
  ⚠️ [incompatible] Unsupported: ||collector*.ex.co^...
  ⚠️ [incompatible] Unsupported: -s2s.sensic.net^...
  ⚠️ [incompatible] Unsupported: ||collect-v*.51.la^...
  ⚠️ [incompatible] Unsupported: ||talpa-analytics....
  ⚠️ [incompatible] Unsupported: ||px*.mediahills.ru^...
  ⚠️ [incompatible] Unsupported: ||srmdata-*.com^...
  ⚠️ [incompatible] Unsupported: ||analytics*.prezly.com^...
  ⚠️ [incompatible] Unsupported: ||browser-intake-*-datadoghq.com^...
  ⚠️ [incompatible] Unsupported: ||cl*.k5a.io^...
  ⚠️ [incompatible] Unsupported: ||livetracker.*.pangea-cms.com^...
  ⚠️ [incompatible] Unsupported: ||collector-*.tvsquared.com^...
  ⚠️ [incompatible] Unsupported: ||pixelapi-*.cs.mysamba.tv^...
  ⚠️ [incompatible] Unsupported: ||logs*.smithsonian.museum^...
  ⚠️ [incompatible] Unsupported: ||snowplow-collector-*.amazonaws.com^...
  ⚠️ [incompatible] Unsupported: ||v*.sitecounter.site^...
  ⚠️ [incompatible] Unsupported: ||tag-based.s3.*.amazonaws.com^...
  ⚠️ [incompatible] Unsupported: ||suite*.linximpulse.net^...
  ⚠️ [incompatible] Unsupported: ||eclog*-*.cafe24.com^...
  ⚠️ [incompatible] Unsupported: ||rum*.cdnvideo.ru^...
  ⚠️ [incompatible] Unsupported: ||rum*.a.trbcdn.net^...
  ⚠️ [incompatible] Unsupported: ||stat.tiara....
  ⚠️ [incompatible] Unsupported: ||track.tiara....
  ⚠️ [incompatible] Unsupported: ||stats*.videonow.ru^...
  ⚠️ [incompatible] Unsupported: ||logs.juspay.in...
  ⚠️ [incompatible] Unsupported: ||parkdomainreal*.site^...
  ⚠️ [incompatible] Unsupported: ||i-*.ci360.sas.com^...
  ⚠️ [incompatible] Unsupported: ||tms-st.cdn.ngenix.net...
  ⚠️ [incompatible] Unsupported: ||zorosrv.com...
  ⚠️ [incompatible] Unsupported: ||analytics*.clickdimensions.com^...
  ⚠️ [incompatible] Unsupported: ||counter*.freecounter.ovh^...
  ⚠️ [incompatible] Unsupported: ://tru.am^...
  ⚠️ [incompatible] Unsupported: ||metrics*.fitanalytics.com^...
  ⚠️ [incompatible] Unsupported: ||hitcounter.ru...
  ⚠️ [incompatible] Unsupported: ||query*.petametrics.com^...
  ⚠️ [incompatible] Unsupported: ||script.opentracker.net...
  ⚠️ [incompatible] Unsupported: .ay.delivery^...
  ⚠️ [incompatible] Unsupported: ||sock*-goguardian.pusher.com^...
  ⚠️ [incompatible] Unsupported: ||tccd.douglas....
  ⚠️ [fixable_plain] Extracted from plain domain: .stape.net...
  ⚠️ [incompatible] Unsupported: |load.gtm....
  ⚠️ [incompatible] Unsupported: |load.sgtm....
  ⚠️ [incompatible] Unsupported: |load.ss....
  ⚠️ [incompatible] Unsupported: |load.sst....
  ⚠️ [incompatible] Unsupported: ||thegreatesthits....
  ⚠️ [incompatible] Unsupported: ||countly....
  ⚠️ [incompatible] Unsupported: ||countly-...
  ⚠️ [incompatible] Unsupported: |piwik....
  ⚠️ [incompatible] Unsupported: ||eflbundles.*.com.tr^...
  ⚠️ [incompatible] Unsupported: ||log.api-maps.yandex....
  ⚠️ [incompatible] Unsupported: ||ja*.apppure.net^...
  ⚠️ [incompatible] Unsupported: ||ats.gmarket.co.kr...
  ⚠️ [incompatible] Unsupported: -events-collector.spot.im^...
  ⚠️ [incompatible] Unsupported: -upaas.ucweb.com^...
  ⚠️ [incompatible] Unsupported: ||datadog-log.clovergames.io...
  ⚠️ [incompatible] Unsupported: ||log-v*-boot.capcutapi.com^...
  ⚠️ [incompatible] Unsupported: ||logs.collector.*.cloud.solarwinds.com^...
  ⚠️ [incompatible] Unsupported: ||agatha-log-service-*.a.run.app^...
  ⚠️ [incompatible] Unsupported: ||me9ddf.moebelix....
  ⚠️ [incompatible] Unsupported: ||spa-tracker*.spapi.io^...
  ⚠️ [incompatible] Unsupported: ||tracking.cds.dmm....
  ⚠️ [incompatible] Unsupported: ||htm*.hepsiburada.com^...
  ⚠️ [incompatible] Unsupported: ||touch.yesim....
  ⚠️ [incompatible] Unsupported: ||data-track*.yingxiong.com^...
  ⚠️ [incompatible] Unsupported: ||mon*.tiktokv.us^...
  ⚠️ [incompatible] Unsupported: ||orderana*.spankbang.com^...
  ⚠️ [incompatible] Unsupported: ||logstash-*.radio-canada.ca^...
  ⚠️ [incompatible] Unsupported: ||analytics.vgtimes....
  ⚠️ [incompatible] Unsupported: ||beehiiv-adnetwork-production.s*.amazonaws.com^...
  ⚠️ [incompatible] Unsupported: ||telemetry.*.pvp.net^...
  ⚠️ [incompatible] Unsupported: ||analyzer*.fc2.com^...
  ⚠️ [incompatible] Unsupported: ||hba*.hepsiburada.com^...
  ⚠️ [incompatible] Unsupported: prd.api.bleacherreport.com^...
  ⚠️ [incompatible] Unsupported: ||apiproxy-log-nlb-1f304af4d3ac01a4.elb.us-east-*.amazonaws.com^...
  ⚠️ [incompatible] Unsupported: ||customerevents.us-east-*.internal.dradis.netflix.com^...
  ⚠️ [incompatible] Unsupported: ||sgtm.wimdu....
  ⚠️ [incompatible] Unsupported: ||event.*.shoplive.cloud^...
  ⚠️ [incompatible] Unsupported: ||beacon-*.helpscout.net^...
  ⚠️ [incompatible] Unsupported: ||client.rum.*.amazonaws.com^...
  ⚠️ [incompatible] Unsupported: ||staging-*.ispot.tv^...
  ⚠️ [incompatible] Unsupported: ||stlog*-local.kakao.com^...
  ⚠️ [incompatible] Unsupported: ||mssdk*.capcutapi.com^...
  ⚠️ [incompatible] Unsupported: ||mon-*.lemon8-app.com^...
  ⚠️ [incompatible] Unsupported: ||mon-*.lemon8-app.us^...
  ⚠️ [incompatible] Unsupported: ||mcs-*.lemon8-app.com^...
  ⚠️ [incompatible] Unsupported: ||mcs-*.lemon8-app.us^...
  ⚠️ [incompatible] Unsupported: ||collector-*.px-client.net^...
  ⚠️ [incompatible] Unsupported: ||collector-*.px-cdn.net^...
  ⚠️ [incompatible] Unsupported: ||clickstream-*.homedepot.com^...
  ⚠️ [incompatible] Unsupported: ||acr-*-prd.samsungcloud.tv^...
  ⚠️ [fixable_plain] Extracted from plain domain: .prod.pr.analytics.console.aws.a2z.com...
  ⚠️ [incompatible] Unsupported: ||trck.*.prod-na.turntable.sonic.advertising.amazon.dev^...
  ⚠️ [incompatible] Unsupported: ||cza*.crazygames.com^...
  ⚠️ [incompatible] Unsupported: ||analytics.ahrefs....
  ⚠️ [incompatible] Unsupported: ||servo-report.keepstreams.*^...
  ⚠️ [incompatible] Unsupported: ||sgtm.fairmont....
  ⚠️ [incompatible] Unsupported: ||apple-*.le.com^...
  ⚠️ [incompatible] Unsupported: ||tracking-v*.a.run.app^...
  ⚠️ [incompatible] Unsupported: ||backstory.ebay....
  ⚠️ [incompatible] Unsupported: ||edgetrksvc.ebay....
  ⚠️ [incompatible] Unsupported: ||ubt.tracking.shopee....
  ⚠️ [incompatible] Unsupported: ||taplytics-umami.grubhub.com...
  ⚠️ [incompatible] Unsupported: |c.blue.*.com^|...
  ⚠️ [incompatible] Unsupported: ||faro-collector-prod-*.grafana.net^...
  ⚠️ [incompatible] Unsupported: ||*adapt-beacon.awsprodops.movetv.com^...
  ⚠️ [incompatible] Unsupported: ||hn-ping*.hashnode.com^...
  ⚠️ [incompatible] Unsupported: ||analytics-v*.eip.telegraph.co.uk^...
  ⚠️ [incompatible] Unsupported: ||ana*.inews24.com^...
  ⚠️ [incompatible] Unsupported: ||analytics.streamfab....
  ⚠️ [incompatible] Unsupported: ||mcs-*.tiktok.com^...
  ⚠️ [incompatible] Unsupported: ||adservice.google....
  ⚠️ [incompatible] Unsupported: ||a*.smlog.co.kr^...
  ⚠️ [incompatible] Unsupported: -tracker.biliapi.net^...
  ⚠️ [incompatible] Unsupported: ||pixel*.production-public.tubi.io^...
  ⚠️ [incompatible] Unsupported: ||ads-dmp-collect.*.karrotmarket.com^...
  ⚠️ [incompatible] Unsupported: ||telemetry*.transcend.io^...
  ⚠️ [incompatible] Unsupported: ||stats.debatdirect.tweedekamer.nl...
  ⚠️ [incompatible] Unsupported: -telemetry.officeapps.live.com^...
  ⚠️ [incompatible] Unsupported: -telemetry.officeapps.live.com.mcas.ms^...
  ⚠️ [incompatible] Unsupported: ||sgtm.fashionunited....
  ⚠️ [incompatible] Unsupported: ||pixel-*.rubiconproject.com^...
  ⚠️ [incompatible] Unsupported: ||pixel.archive....
  ⚠️ [incompatible] Unsupported: ||analytics-api.dvdfab....
  ⚠️ [incompatible] Unsupported: ||servo-report.dvdfab....
  ⚠️ [incompatible] Unsupported: ||collector.xhamster*....
  ⚠️ [incompatible] Unsupported: ||sensorsdata*.read.duokan.com^...
  ⚠️ [incompatible] Unsupported: ||analytics.*.sky.com^...
  ⚠️ [incompatible] Unsupported: ||uts.auction.co.kr...
  ⚠️ [incompatible] Unsupported: ||ad*.ettoday.net^...
  ⚠️ [incompatible] Unsupported: ||stats.zone-telechargement....
  ⚠️ [incompatible] Unsupported: ||log*.vietnamplus.vn^...
  ⚠️ [incompatible] Unsupported: ://r.i.ua^...
  ⚠️ [incompatible] Unsupported: ||adcounter*.uptolike.ru^...
  ⚠️ [incompatible] Unsupported: ||analytics-rollout-*.amazonaws.com^...
  ⚠️ [incompatible] Unsupported: ||analytics*.carambo.la^...
  ⚠️ [incompatible] Unsupported: ||app-analytics-*.snapchat.com^...
  ⚠️ [incompatible] Unsupported: ||bi-eventtracker-*.amazonaws.com^...
  ⚠️ [incompatible] Unsupported: ||button.blogs.yandex....
  ⚠️ [incompatible] Unsupported: ||c.bigmir.net...
  ⚠️ [incompatible] Unsupported: ||c*hit.zerkalo.io^...
  ⚠️ [incompatible] Unsupported: ||ce-global-track-*.amazonaws.com^...
  ⚠️ [incompatible] Unsupported: ||clog*.yuanfudao.com^...
  ⚠️ [incompatible] Unsupported: ||cnt.hd21....
  ⚠️ [incompatible] Unsupported: ||cnt.nuvid....
  ⚠️ [incompatible] Unsupported: ||cnt.proporn....
  ⚠️ [incompatible] Unsupported: ||cnt.tubeon....
  ⚠️ [incompatible] Unsupported: ||cnt.vivatube....
  ⚠️ [incompatible] Unsupported: ||cnt.winporn....
  ⚠️ [incompatible] Unsupported: ||cnt.yeptube....
  ⚠️ [incompatible] Unsupported: ||collect-elb-*.amazonaws.com^...
  ⚠️ [incompatible] Unsupported: ||collector.hamsterix....
  ⚠️ [incompatible] Unsupported: ||counter*-yadro*-ru.unblocked.lol^...
  ⚠️ [incompatible] Unsupported: ||cs*.mp3bars.com^...
  ⚠️ [incompatible] Unsupported: ||datacollect*.abtasty.com^...
  ⚠️ [incompatible] Unsupported: ||device-metrics-us*.amazon.com^...
  ⚠️ [incompatible] Unsupported: ||eum*.instana.io^...
  ⚠️ [incompatible] Unsupported: ||events-api*.outfit7.com^...
  ⚠️ [incompatible] Unsupported: ||events*.cre.ma^...
  ⚠️ [incompatible] Unsupported: ||geoloc*.9cd47096ab1495d8d3b18667f6a52b9c.com^...
  ⚠️ [incompatible] Unsupported: ||geoloc*.geo20120530.com^...
  ⚠️ [incompatible] Unsupported: ||geoloc*.geostats.ovh^...
  ⚠️ [incompatible] Unsupported: ||geoloc*.geovisite.ovh^...
  ⚠️ [incompatible] Unsupported: ||gscounters.*.gigya.com^...
  ⚠️ [incompatible] Unsupported: ||gtmdev.jabra....
  ⚠️ [incompatible] Unsupported: ||host*.carl-ras.dk^...
  ⚠️ [incompatible] Unsupported: ||host*.ncoi.nl^...
  ⚠️ [incompatible] Unsupported: ||host*.nti.nl^...
  ⚠️ [incompatible] Unsupported: ||host*.polaroid.com^...
  ⚠️ [incompatible] Unsupported: ||host*.rvshare.com^...
  ⚠️ [incompatible] Unsupported: ||host*.rigbyandpeller.com^...
  ⚠️ [incompatible] Unsupported: ||hstats*.hepsiburada.com^...
  ⚠️ [incompatible] Unsupported: ||img.opentracker.net...
  ⚠️ [incompatible] Unsupported: ||iptracker-lb-*.amazonaws.com^...
  ⚠️ [incompatible] Unsupported: ||lively-collect-elb-*.amazonaws.com^...
  ⚠️ [incompatible] Unsupported: ||log*.aliyuncs.com^...
  ⚠️ [incompatible] Unsupported: ||lt*.tritondigital.com^...
  ⚠️ [incompatible] Unsupported: ||pixel*.adswizz.com...
  ⚠️ [incompatible] Unsupported: ||pxl-*.ozone.ru^...
  ⚠️ [incompatible] Unsupported: ||ssp*.rtb.beeline.ru^...
  ⚠️ [incompatible] Unsupported: ||st-*.dynamicyield.com^...
  ⚠️ [incompatible] Unsupported: ||stat*.1internet.tv^...
  ⚠️ [incompatible] Unsupported: ||t*.zcvh.net^...
  ⚠️ [incompatible] Unsupported: ||track.datescan.info...
  ⚠️ [incompatible] Unsupported: ||trk*.vidible.tv^...
  ⚠️ [incompatible] Unsupported: ||wa.gmx....
  ⚠️ [incompatible] Unsupported: charlestownwyllie.oaklawnnonantum.com^...
  ⚠️ [incompatible] Unsupported: |a.klaviyo.com^...
  ⚠️ [incompatible] Unsupported: ||api-*.hismarttv.com^...
  ⚠️ [incompatible] Unsupported: ||auth-*.hismarttv.com^...
  ⚠️ [incompatible] Unsupported: ||tracking.*.miui.com^...
  ⚠️ [incompatible] Unsupported: ||datacollector-*.dt.hicloud.com^...
  ⚠️ [incompatible] Unsupported: dynamic-report-api.appsflyersdk.com^...
  ⚠️ [incompatible] Unsupported: -pia.appsflyersdk.com^...
  ⚠️ [incompatible] Unsupported: -skadsdkless.appsflyersdk.com^...
  ⚠️ [incompatible] Unsupported: -adrevenue.appsflyersdk.com^...
  ⚠️ [incompatible] Unsupported: -attr.appsflyersdk.com^...
  ⚠️ [incompatible] Unsupported: gcdsdk.appsflyersdk.com^...
  ⚠️ [incompatible] Unsupported: dlsdk.appsflyersdk.com^...
  ⚠️ [incompatible] Unsupported: ||*cdn-settings.appsflyersdk.com^...
  ⚠️ [incompatible] Unsupported: ||*launches.appsflyersdk.com^...
  ⚠️ [incompatible] Unsupported: ||*conversions.appsflyersdk.com^...
  ⚠️ [incompatible] Unsupported: ||*register.appsflyersdk.com^...
  ⚠️ [incompatible] Unsupported: dlsdk.appsflyer.com^...
  ⚠️ [incompatible] Unsupported: ||log*.boomplaymusic.com^...
  ⚠️ [incompatible] Unsupported: ||log-*.isnssdk.com^...
  ⚠️ [incompatible] Unsupported: ||ping*.bidease.com^...
  ⚠️ [incompatible] Unsupported: -datareceiver.aki-game.net^...
  ⚠️ [incompatible] Unsupported: ||trace-*.free-reels.com^...
  ⚠️ [incompatible] Unsupported: ||gbxreport-*.wf.com^...
  ⚠️ [incompatible] Unsupported: ||tracking.geo.*.amazonaws.com^...
  ⚠️ [incompatible] Unsupported: ||logreport-global-dual.cool*cloud.com^...
  ⚠️ [incompatible] Unsupported: ||wslog-global-dual.cool*cloud.com^...
  ⚠️ [incompatible] Unsupported: ||weblogger-wss.cool*cloud.com^...
  ⚠️ [incompatible] Unsupported: ||track-*.hungrypanda.co^...
  ⚠️ [incompatible] Unsupported: ||trace-*.hungrypanda.co^...
  ⚠️ [incompatible] Unsupported: ||collector-*.perimeterx.net^...
  ⚠️ [incompatible] Unsupported: ||kbox-analytics-prod.s*.amazonaws.com^...
  ⚠️ [incompatible] Unsupported: ||stats.*.ronghub.com^...
  ⚠️ [incompatible] Unsupported: ||stats.*.rongnav.com^...
  ⚠️ [incompatible] Unsupported: ||sdk.fra-*.braze.eu^...
  ⚠️ [incompatible] Unsupported: ||mssdk.capcutapi.us...
  ⚠️ [incompatible] Unsupported: ||attr-logs.*.amazonaws.com^...
  ⚠️ [incompatible] Unsupported: ||event.*.karrotmarket.com^...
  ⚠️ [incompatible] Unsupported: ||mon*-misc.fqnovel.com^...
  ⚠️ [incompatible] Unsupported: ||logs-*.rebxgame.com^...
  ⚠️ [incompatible] Unsupported: -client-report.honkaiimpact3.com^...
  ⚠️ [incompatible] Unsupported: ||*-datareceiver.aki-game.net^...
  ⚠️ [incompatible] Unsupported: ||mgbsdk*.matrix.easebar.com^...
  ⚠️ [incompatible] Unsupported: ||applog*.matrix.easebar.com^...
  ⚠️ [incompatible] Unsupported: ||tnc16-*.hypic.com^...
  ⚠️ [incompatible] Unsupported: ||discovery-ios-*.ertelecom.ru^...
  ⚠️ [incompatible] Unsupported: ||ulog*.gifshow.com^...
  ⚠️ [incompatible] Unsupported: ||logservice.dbankcloud.cn...
  ⚠️ [incompatible] Unsupported: ||use-trk*.bluevoox.com^...
  ⚠️ [incompatible] Unsupported: ||t*.playdigo.live^...
  ⚠️ [incompatible] Unsupported: ||tnc*.tiktokv.us^...
  ⚠️ [incompatible] Unsupported: ||tnc*.tiktokv.com^...
  ⚠️ [incompatible] Unsupported: ||log*-normal-*.tiktokv.com...
  ⚠️ [incompatible] Unsupported: ||ulog*.kwai-pro.com^...
  ⚠️ [incompatible] Unsupported: ||mon-v*-boot.capcutapi.com^...
  ⚠️ [incompatible] Unsupported: ||tnc-va*.capcutapi.com^...
  ⚠️ [incompatible] Unsupported: ||mon-va*.capcutapi.com^...
  ⚠️ [incompatible] Unsupported: ||log-va*.capcutapi.com^...
  ⚠️ [incompatible] Unsupported: -ulogl*.kwai-pro.com^...
  ⚠️ [incompatible] Unsupported: ||ulog*.kwaipros.com^...
  ⚠️ [incompatible] Unsupported: ||snowplow-collector....
  ⚠️ [incompatible] Unsupported: ||track.*.roku.com^...
  ⚠️ [incompatible] Unsupported: ||analysis.polarisoffice.com...
  ⚠️ [incompatible] Unsupported: ||log*-normal-useast1a.lemon8-app.com^...
  ⚠️ [incompatible] Unsupported: ||hw-sh-pcdn-*.biliapi.net^...
  ⚠️ [incompatible] Unsupported: ||ali-bj-pcdn-*.biliapi.net^...
  ⚠️ [incompatible] Unsupported: -rtb.gravite.net^...
  ⚠️ [incompatible] Unsupported: ||mon*-misc-lf.fqnovel.com^...
  ⚠️ [incompatible] Unsupported: -applog*.fqnovel.com^...
  ⚠️ [incompatible] Unsupported: ||sonar*.xy.fbcdn.net^...
  ⚠️ [incompatible] Unsupported: ||admob-app-id-*.firebaseio.com^...
  ⚠️ [incompatible] Unsupported: ||analytics-*-nfl.yinzcam.com^...
  ⚠️ [incompatible] Unsupported: ||report.*.gbqofs.io^...
  ⚠️ [incompatible] Unsupported: ||logservice-*.platform.dbankcloud.cn^...
  ⚠️ [incompatible] Unsupported: ||ubacollect-*.cloud.dbankcloud.cn^...
  ⚠️ [incompatible] Unsupported: ||datacollector-*.dt.dbankcloud.cn^...
  ⚠️ [incompatible] Unsupported: -spiky.clevertap-prod.com^...
  ⚠️ [incompatible] Unsupported: ||fp-*it*.fengkongcloud.com^...
  ⚠️ [incompatible] Unsupported: ||maas-*.phunware.com^...
  ⚠️ [incompatible] Unsupported: ||imp-*.jampp.com^...
  ⚠️ [incompatible] Unsupported: ||mapi-log.qoo*.jp^...
  ⚠️ [incompatible] Unsupported: ||f-log-*.grammarly.io^...
  ⚠️ [incompatible] Unsupported: ||log*-misc-lf.amemv.com^...
  ⚠️ [incompatible] Unsupported: ||beacons*.gvt3.com^...
  ⚠️ [incompatible] Unsupported: ||appanalysis*.banggood.com^...
  ⚠️ [incompatible] Unsupported: ||liveme-sensors-collect2-*.amazonaws.com^...
  ⚠️ [incompatible] Unsupported: ||report.*.qq.com^...
  ⚠️ [incompatible] Unsupported: ||tnc16-*.byteoversea.com^...
  ⚠️ [incompatible] Unsupported: ||log*.byteoversea.com^...
  ⚠️ [incompatible] Unsupported: ||log-collector.shopee....
  ⚠️ [incompatible] Unsupported: ||seller-log-collector.shopee....
  ⚠️ [incompatible] Unsupported: ||api*.amplitude.com^...
  ⚠️ [incompatible] Unsupported: ||batchlogging*-eu.truecaller.com^...
  ⚠️ [incompatible] Unsupported: ||batchlogging*-noneu.truecaller.com^...
  ⚠️ [incompatible] Unsupported: ||tracking-*.trnox.com^...
  ⚠️ [incompatible] Unsupported: ||report*.appmetrica.webvisor.com^...
  ⚠️ [incompatible] Unsupported: ||api*.moengage.com^...
  ⚠️ [incompatible] Unsupported: ||sdk-*.moengage.com^...
  ⚠️ [incompatible] Unsupported: ||flurry.agentportal-*.yahoodns.net^...
  ⚠️ [incompatible] Unsupported: ||device-metrics-*.amazon.com^...
  ⚠️ [incompatible] Unsupported: ||flurry.agentportal.*.yahoodns.net^...
  ⚠️ [incompatible] Unsupported: /^https:\/\/anon1.gt\d{6}.com/...
  ⚠️ [incompatible] Unsupported: /^anon1.gt\d{6}.com$/...
  ⚠️ [incompatible] Unsupported: -logsdk.kwai-pro.com^...
  ⚠️ [incompatible] Unsupported: -ulog-*.kwai-pro.com^...
  ⚠️ [incompatible] Unsupported: -ulog-*.kwaipros.com^...
  ⚠️ [incompatible] Unsupported: -ulog.*.kwai-pro.com^...
  ⚠️ [incompatible] Unsupported: -ulog.*.kwaipros.com^...
  ⚠️ [incompatible] Unsupported: -ulog.ksapisrv.com^...
  ⚠️ [incompatible] Unsupported: -ulog.kwai-pro.com^...
  ⚠️ [incompatible] Unsupported: -ulog.kwaipros.com^...
  ⚠️ [incompatible] Unsupported: -ulog.region.kwai-pro.com^...
  ⚠️ [incompatible] Unsupported: -ulogl2.kwai-pro.com^...
  ⚠️ [incompatible] Unsupported: -ulogl2.kwaipros.com^...
  ⚠️ [incompatible] Unsupported: ||ulog-*.ksapisrv.com^...
  ⚠️ [incompatible] Unsupported: ||ulog.*.ksapisrv.com^...
  ⚠️ [incompatible] Unsupported: ||ulog.*.kwai-pro.com^...
  ⚠️ [incompatible] Unsupported: ||mcs.*.tiktok.com^...
  ⚠️ [incompatible] Unsupported: ||mcs.*.tiktokv.com^...
  ⚠️ [incompatible] Unsupported: ||log*-normal-*.tiktokv.us^...
  ⚠️ [incompatible] Unsupported: ||mon*-*.tiktokv.com^...
  ⚠️ [incompatible] Unsupported: ||rtlog*.tiktokv.us^...
  ⚠️ [incompatible] Unsupported: ||rtlog*.tiktokv.com^...
  ⚠️ [incompatible] Unsupported: ||mon*-*.tiktokv.us^...
  ⚠️ [incompatible] Unsupported: ||mon-*.tiktokv.com^...
  ⚠️ [incompatible] Unsupported: ||xlog*-*.tiktokv.com^...
  ⚠️ [incompatible] Unsupported: ||mcs-va-*.tiktokv.com^...
  ⚠️ [incompatible] Unsupported: ||bc.geocities....
  ⚠️ [incompatible] Unsupported: ||collector-*.luigisbox.com^...
  ⚠️ [incompatible] Unsupported: ||events-proxy.mintlify.com...
  ⚠️ [incompatible] Unsupported: ||log-*.previewnetworks.com^...
  ⚠️ [incompatible] Unsupported: ||mcdp-*.outbrain.com^...
  ⚠️ [incompatible] Unsupported: ||tracker.twenga....
  ⚠️ [incompatible] Unsupported: ||d241ujsiy3yht0.cloudfront.net...
  ⚠️ [incompatible] Unsupported: ||d2fj3s7h83rb61.cloudfront.net...
  ⚠️ [incompatible] Unsupported: ||tracking*.euroads.fi^...
  ⚠️ [incompatible] Unsupported: ||aff*.kolektiva.net^...
  ⚠️ [incompatible] Unsupported: -logging.nextmedia.com^...
  ⚠️ [incompatible] Unsupported: ||stats2.*.fdnames.com^...
  ⚠️ [incompatible] Unsupported: ||stats-*.p2pnow.ru^...
  ⚠️ [incompatible] Unsupported: ||mtm.qdqmedia.com...
  ⚠️ [incompatible] Unsupported: ||adserver*.euroweeklynews.com^...
  ⚠️ [incompatible] Unsupported: ||broredir*s.site^...
  ⚠️ [incompatible] Unsupported: ||vst.videolink....
  ⚠️ [incompatible] Unsupported: ||banner.kiev.ua...
  ⚠️ [incompatible] Unsupported: ||orbit*.lun.ua^...
  ⚠️ [incompatible] Unsupported: .infox.sg^...
  ⚠️ [incompatible] Unsupported: ||yxhstwzjbu.info...
  ⚠️ [incompatible] Unsupported: .potopy.ru^...
  ⚠️ [incompatible] Unsupported: .vipko.ru^...
  ⚠️ [incompatible] Unsupported: ||q*-publick.club^...
  ⚠️ [incompatible] Unsupported: ||v.tzbox*.xyz^...
  ⚠️ [incompatible] Unsupported: ||cdn*.swaxis.com^...
  ⚠️ [incompatible] Unsupported: .adonweb.ru^...
  ⚠️ [incompatible] Unsupported: .allalla.com^...
  ⚠️ [incompatible] Unsupported: .cpa1.ru^...
  ⚠️ [incompatible] Unsupported: .ecommtools.com^...
  ⚠️ [incompatible] Unsupported: .gameleads.ru^...
  ⚠️ [incompatible] Unsupported: .is.traff-numerical.info^...
  ⚠️ [incompatible] Unsupported: .piccash.net^...
  ⚠️ [incompatible] Unsupported: .sexplaycam.com^...
  ⚠️ [incompatible] Unsupported: .tovarro.com^...
  ⚠️ [incompatible] Unsupported: .tpm.pw^...
  ⚠️ [incompatible] Unsupported: .webhop.net^...
  ⚠️ [incompatible] Unsupported: ://*.a-akamaihd.com^...
  ⚠️ [incompatible] Unsupported: ://jhf.ru^...
  ⚠️ [incompatible] Unsupported: ://kma.biz^...
  ⚠️ [incompatible] Unsupported: ||admulti....
  ⚠️ [incompatible] Unsupported: ||adserver1....
  ⚠️ [incompatible] Unsupported: ||afdads.com...
  ⚠️ [incompatible] Unsupported: ||alishop*.ru^...
  ⚠️ [incompatible] Unsupported: ||allmt.com...
  ⚠️ [incompatible] Unsupported: ||almosto.com...
  ⚠️ [incompatible] Unsupported: ||banner-in.net...
  ⚠️ [incompatible] Unsupported: ||bondzgi*....
  ⚠️ [incompatible] Unsupported: ||clickvip.ru...
  ⚠️ [incompatible] Unsupported: ||dl.qcash.ws...
  ⚠️ [incompatible] Unsupported: ||eberalofe.pro...
  ⚠️ [incompatible] Unsupported: ||et-code.ru...
  ⚠️ [incompatible] Unsupported: ||flipflapflo....
  ⚠️ [incompatible] Unsupported: ||gbs.gamingmedia.ru...
  ⚠️ [incompatible] Unsupported: ||globalteaser.ru...
  ⚠️ [incompatible] Unsupported: ||gonews*.net^...
  ⚠️ [incompatible] Unsupported: ||goodadvert....
  ⚠️ [incompatible] Unsupported: ||icq-window....
  ⚠️ [incompatible] Unsupported: ||icqwindow....
  ⚠️ [incompatible] Unsupported: ||imgg.dt00.net...
  ⚠️ [incompatible] Unsupported: ||iphone-caviar.ru*entranceId...
  ⚠️ [incompatible] Unsupported: ||js.goods.redtram.com...
  ⚠️ [incompatible] Unsupported: ||letssex....
  ⚠️ [incompatible] Unsupported: ||linkexchange....
  ⚠️ [incompatible] Unsupported: ||loneday.com...
  ⚠️ [incompatible] Unsupported: ||mediacontext....
  ⚠️ [incompatible] Unsupported: ||medialand....
  ⚠️ [incompatible] Unsupported: ||minitds-*.info^...
  ⚠️ [incompatible] Unsupported: ||mjavagames.ru...
  ⚠️ [incompatible] Unsupported: ||moneymaiker.ru...
  ⚠️ [incompatible] Unsupported: ||moneysyst.biz...
  ⚠️ [incompatible] Unsupported: ||mptri.net...
  ⚠️ [incompatible] Unsupported: ||obislame.ru...
  ⚠️ [incompatible] Unsupported: ||platinumcode.net...
  ⚠️ [incompatible] Unsupported: ||pop-parad....
  ⚠️ [incompatible] Unsupported: ||pop-under....
  ⚠️ [incompatible] Unsupported: ||poptraf....
  ⚠️ [incompatible] Unsupported: ||popunder....
  ⚠️ [incompatible] Unsupported: ||popupclick....
  ⚠️ [incompatible] Unsupported: ||popuptraf....
  ⚠️ [incompatible] Unsupported: ||poshalim....
  ⚠️ [incompatible] Unsupported: ||promoblocks.ru...
  ⚠️ [incompatible] Unsupported: ||psma01.com...
  ⚠️ [incompatible] Unsupported: ||psma02.com...
  ⚠️ [incompatible] Unsupported: ||psma03.com...
  ⚠️ [incompatible] Unsupported: ||rb*.design.ru^...
  ⚠️ [incompatible] Unsupported: ||real*traf.ru^...
  ⚠️ [incompatible] Unsupported: ||rebill.me...
  ⚠️ [incompatible] Unsupported: ||rotaban....
  ⚠️ [incompatible] Unsupported: ||rotabanner....
  ⚠️ [incompatible] Unsupported: ||rotator....
  ⚠️ [incompatible] Unsupported: ||ruscams.com...
  ⚠️ [incompatible] Unsupported: ||rusrestbest....
  ⚠️ [incompatible] Unsupported: ||smart.allocine.fr...
  ⚠️ [incompatible] Unsupported: ||sn00.net...
  ⚠️ [incompatible] Unsupported: ||subnewss*.net^...
  ⚠️ [incompatible] Unsupported: ||superpcexpert.ru...
  ⚠️ [incompatible] Unsupported: ||talkfusion.com...
  ⚠️ [incompatible] Unsupported: ||timedirect.ru...
  ⚠️ [incompatible] Unsupported: ||tiz.neosmi.ru...
  ⚠️ [incompatible] Unsupported: ||tmserver-2.net...
  ⚠️ [incompatible] Unsupported: ||u*.takru.com^...
  ⚠️ [incompatible] Unsupported: ||under-click....
  ⚠️ [incompatible] Unsupported: ||underclick....
  ⚠️ [incompatible] Unsupported: ||v.newsportal*.ru^...
  ⚠️ [incompatible] Unsupported: ||videoclick....
  ⚠️ [incompatible] Unsupported: ||videoclik....
  ⚠️ [incompatible] Unsupported: ||w*statistics.info^...
  ⚠️ [incompatible] Unsupported: ||web-rotation.net...
  ⚠️ [incompatible] Unsupported: ||web-visor....
  ⚠️ [incompatible] Unsupported: ||yottos.com...
  ⚠️ [incompatible] Unsupported: /62.76.25.2(7|8)/...
  ⚠️ [incompatible] Unsupported: /193.200.64.24:/...
  ⚠️ [incompatible] Unsupported: ||dw-informer-*.newsru.com^...
  ⚠️ [incompatible] Unsupported: ||banner*.kinogo.by^...
  ⚠️ [incompatible] Unsupported: ||an.yandex....
  ⚠️ [incompatible] Unsupported: ://sportframe*.co^...
  ⚠️ [incompatible] Unsupported: ://sportframe*.org^...
  ⚠️ [incompatible] Unsupported: ://r.reklam*.com^...
  ⚠️ [incompatible] Unsupported: ://say.ac^...
  ⚠️ [incompatible] Unsupported: ||ad*.bilgin.pro^...
  ⚠️ [incompatible] Unsupported: ||ad*.tmgrup.com.tr^...
  ⚠️ [incompatible] Unsupported: ||basvformu*.xyz^...
  ⚠️ [incompatible] Unsupported: ||partner.superbahisaffiliates*.com^...
  ⚠️ [incompatible] Unsupported: *ad.durasite.net^...
  ⚠️ [incompatible] Unsupported: ||bar*.shinobi.jp^...
  ⚠️ [incompatible] Unsupported: ||tw-726620180914.*.run.app^...
  ⚠️ [incompatible] Unsupported: ||zbb.bbb.*.pics^...
  ⚠️ [incompatible] Unsupported: ||fjuga.top...
  ⚠️ [incompatible] Unsupported: /^(mon|tue|wed|thu|fri|sat|sun)\d{1,2}\.\w{2}\d{1,6}\w{4}\.com$/...
  ⚠️ [incompatible] Unsupported: ||ad*.on.cc^...
  ⚠️ [incompatible] Unsupported: ||h3v9p8x2q1r7-agckaeh6g2ehcaes.*.azurewebsites.net^...
  ⚠️ [incompatible] Unsupported: -ad123-...
  ⚠️ [fixable_plain] Extracted from plain domain: -banner-ads....
  ⚠️ [fixable_plain] Extracted from plain domain: -banner728x90....
  ⚠️ [incompatible] Unsupported: -iklan-gif-...
  ⚠️ [fixable_plain] Extracted from plain domain: -iklan1....
  ⚠️ [fixable_plain] Extracted from plain domain: -iklan2....
  ⚠️ [incompatible] Unsupported: -iklan789-...
  ⚠️ [fixable_plain] Extracted from plain domain: -ikln....
  ⚠️ [incompatible] Unsupported: -720x90-...
  ⚠️ [incompatible] Unsupported: -728-x-90-...
  ⚠️ [fixable_plain] Extracted from plain domain: -728x90a....
  ⚠️ [fixable_plain] Extracted from plain domain: .1080.x.90....
  ⚠️ [fixable_plain] Extracted from plain domain: -bandarkiu....
  ⚠️ [fixable_plain] Extracted from plain domain: -tototix.gif...
  ⚠️ [incompatible] Unsupported: ||admicro*.vcmedia.vn^...
  ⚠️ [incompatible] Unsupported: ||log-*.epicdn.me^...
  ⚠️ [incompatible] Unsupported: ||log-*.zadn.vn^...
  ⚠️ [incompatible] Unsupported: ||matomo.*.vn^...
  ⚠️ [incompatible] Unsupported: ||mautic.*.vn^...
  ⚠️ [incompatible] Unsupported: ||piwik.*.vn^...
  ⚠️ [incompatible] Unsupported: ||quangcao-*.epicdn.me^...
  ⚠️ [incompatible] Unsupported: ||ad*.gyaloglo.hu^...
  ⚠️ [incompatible] Unsupported: ||ad*.mellesleg.hu^...
  ⚠️ [incompatible] Unsupported: ||advert*.ultraweb.hu^...
  ⚠️ [incompatible] Unsupported: ||adverticum.*.hu^...
  ⚠️ [incompatible] Unsupported: ||as*.prog.hu^...
  ⚠️ [incompatible] Unsupported: ||etargetnet.*.hu^...
  ⚠️ [incompatible] Unsupported: ||rehs.*.hu^...
  ⚠️ [incompatible] Unsupported: ||sher.*.hu^...
  ⚠️ [incompatible] Unsupported: ||asd8900.oss-*.aliyuncs.com^...
  ⚠️ [incompatible] Unsupported: ||ky891.oss-*.aliyuncs.com^...
  ⚠️ [incompatible] Unsupported: ||tupian888.*.bcebos.com^...
  ⚠️ [incompatible] Unsupported: ||vns86.oss-*.aliyuncs.com^...
  ⚠️ [incompatible] Unsupported: ||zhizhizhizhi.oss-*.aliyuncs.com^...
  ⚠️ [incompatible] Unsupported: ||107.167.16.*.gif...
  ⚠️ [incompatible] Unsupported: ||107.167.22.*.gif...
  ⚠️ [incompatible] Unsupported: ||121.204.246.*.gif...
  ⚠️ [incompatible] Unsupported: ||38.33.15.*.gif...
  ⚠️ [incompatible] Unsupported: ||67.21.92.*.gif...
  ⚠️ [incompatible] Unsupported: ||1024wanzhai....
  ⚠️ [incompatible] Unsupported: ||adi*.cnool.net^...
  ⚠️ [incompatible] Unsupported: ||ax.*.ifeng.com^...
  ⚠️ [incompatible] Unsupported: ||impservice*.yodao.com^...
  ⚠️ [incompatible] Unsupported: ||impservice*.youdao.com^...
  ⚠️ [incompatible] Unsupported: ||itv.hexun.com...
  ⚠️ [incompatible] Unsupported: ||ja*.gamersky.com^...
  ⚠️ [incompatible] Unsupported: ||js*.abolezi.com^...
  ⚠️ [incompatible] Unsupported: ||sam*.baby-kingdom.com^...
  ⚠️ [incompatible] Unsupported: ||same*.stockstar.com^...
  ⚠️ [incompatible] Unsupported: ||sax*.sina....
  ⚠️ [incompatible] Unsupported: ||ya*.dwstatic.com^...
  ⚠️ [incompatible] Unsupported: ||a*.chajiaotong.com^...
  ⚠️ [incompatible] Unsupported: ||ac*.786ip.com^...
  ⚠️ [incompatible] Unsupported: ||ac*.faxingchina.com^...
  ⚠️ [incompatible] Unsupported: ||at*.doubanio.com^...
  ⚠️ [incompatible] Unsupported: ||bdcpro*.techweb.com.cn^...
  ⚠️ [incompatible] Unsupported: ||bdlm*.hc360.com^...
  ⚠️ [incompatible] Unsupported: ||d*.ruiwen.com^...
  ⚠️ [incompatible] Unsupported: ||d*.xinshipu.com^...
  ⚠️ [incompatible] Unsupported: ||dm*.yxlady.com^...
  ⚠️ [incompatible] Unsupported: ||dn*.ixinwei.com^...
  ⚠️ [incompatible] Unsupported: ||fanpingbi*.gaokao.com^...
  ⚠️ [incompatible] Unsupported: ||fpb*.51edu.com^...
  ⚠️ [incompatible] Unsupported: ||fpb1.chinacar....
  ⚠️ [incompatible] Unsupported: ||gcw*.2liang.cn^...
  ⚠️ [incompatible] Unsupported: ||qpb*.sohu.com^...
  ⚠️ [incompatible] Unsupported: ||res*.pinpai8.cn^...
  ⚠️ [incompatible] Unsupported: ||static*.365inews.com^...
  ⚠️ [incompatible] Unsupported: ||uc*.atobo.com^...
  ⚠️ [incompatible] Unsupported: ||union*.365inews.com^...
  ⚠️ [incompatible] Unsupported: ||ysdm*.ys137.com.cn^...
  ⚠️ [incompatible] Unsupported: analytics-*.aasaam.com...
  ⚠️ [incompatible] Unsupported: ||get*bannerads-6egeg2u34q-du.a.run.app^...
  ⚠️ [incompatible] Unsupported: ||pangolin*.sgsnssdk.com^...
  ⚠️ [incompatible] Unsupported: ||ad.*.doubleclick.net^...
  ⚠️ [incompatible] Unsupported: ||cdn-adn-*.rayjump.com^...
  ⚠️ [incompatible] Unsupported: ||iad-*.braze.com^...
  ⚠️ [incompatible] Unsupported: ||adimg*.search.naver.net^...
  ⚠️ [incompatible] Unsupported: ||ad*.thisisgame.com^...
  ⚠️ [incompatible] Unsupported: ||ad*.wisenut.co.kr^...
  ⚠️ [incompatible] Unsupported: ||adservice.google.co.*...
  ⚠️ [incompatible] Unsupported: ||ads-*.v.ssp.yahoo.com^...
  ⚠️ [incompatible] Unsupported: ||mobileanalytics.*.amazonaws.com^...
  ⚠️ [incompatible] Unsupported: ||logger-*.dailymotion.com^...
  ⚠️ [incompatible] Unsupported: ||metric*.rediff.com^...
  ⚠️ [incompatible] Unsupported: ||t.delfi....
  ⚠️ [incompatible] Unsupported: ||track.zalando....
  ⚠️ [incompatible] Unsupported: ||tracking.olx....
  ⚠️ [incompatible] Unsupported: ||dualstack.adbert-web-lbs-*.elb.amazonaws.com^...
  ⚠️ [incompatible] Unsupported: ||s*.adduplex.com^...
共 679 条警告

============================================================
[base-filter.txt] 2026-05-28 14:09:19
============================================================
  ⚠️ [incompatible] Unsupported: [info] Starting @adguard/hostlist-compiler v2.1.0...
  ⚠️ [incompatible] Unsupported: [info] Starting the compiler...
  ⚠️ [incompatible] Unsupported: [info] Configuration: {...
  ⚠️ [incompatible] Unsupported: "name": "AdGuard Compiled",...
  ⚠️ [incompatible] Unsupported: "sources": [...
  ⚠️ [incompatible] Unsupported: {...
  ⚠️ [incompatible] Unsupported: "source": "/tmp/tmp_e8avqvd.txt",...
  ⚠️ [incompatible] Unsupported: "type": "adblock"...
  ⚠️ [incompatible] Unsupported: }...
  ⚠️ [incompatible] Unsupported: ],...
  ⚠️ [incompatible] Unsupported: "transformations": [...
  ⚠️ [incompatible] Unsupported: "RemoveComments",...
  ⚠️ [incompatible] Unsupported: "RemoveModifiers",...
  ⚠️ [incompatible] Unsupported: "Compress",...
  ⚠️ [incompatible] Unsupported: "Deduplicate",...
  ⚠️ [incompatible] Unsupported: "Validate"...
  ⚠️ [incompatible] Unsupported: ]...
  ⚠️ [incompatible] Unsupported: }...
  ⚠️ [incompatible] Unsupported: [info] Start compiling /tmp/tmp_e8avqvd.txt...
  ⚠️ [incompatible] Unsupported: [info] Original length is 160307...
  ⚠️ [incompatible] Unsupported: [info] Length after applying transformations is 160307...
  ⚠️ [incompatible] Unsupported: [info] Removed 17104 comments...
  ⚠️ [incompatible] Unsupported: [info] The list was compressed from 143206 to 139743...
  ⚠️ [incompatible] Unsupported: [info] Removed modifiers from 7732 rules...
  ⚠️ [incompatible] Unsupported: [info] Deduplication removed 2491 rules...
  ⚠️ [incompatible] Unsupported: [info] Final length of the list is 64263...
  ⚠️ [incompatible] Unsupported: [info] Writing output to /dev/stdout...
  ⚠️ [incompatible] Unsupported: ||direct-specific.com...
  ⚠️ [incompatible] Unsupported: ||ad-host-backup-*.aliyuncs.com^...
  ⚠️ [incompatible] Unsupported: ||st-n.ads*-adnow.com^...
  ⚠️ [incompatible] Unsupported: ||reachableads-av.*.amazonaws.com^...
  ⚠️ [incompatible] Unsupported: /^139\.45\.197\.2(4[0-9]|5[0-4]):/...
  ⚠️ [incompatible] Unsupported: /^139\.45\.197\.2(4[0-9]|5[0-4])/...
  ⚠️ [incompatible] Unsupported: ||ads.livetv*.me^...
  ⚠️ [incompatible] Unsupported: ||counter*.stat.ovh^...
  ⚠️ [incompatible] Unsupported: ||fxhpaoxqyajvmdg....
  ⚠️ [incompatible] Unsupported: ||rgfftupf....
  ⚠️ [incompatible] Unsupported: ||clk.rtpdn*.com^...
  ⚠️ [incompatible] Unsupported: ||teleriumads-*.netdna-ssl.com^...
  ⚠️ [incompatible] Unsupported: ||putrr*.com^...
  ⚠️ [incompatible] Unsupported: .bbelements.com^...
  ⚠️ [incompatible] Unsupported: .doublepimp.com^...
  ⚠️ [incompatible] Unsupported: ||block.s*block.com^...
  ⚠️ [incompatible] Unsupported: ||mf*.advantage.as^...
  ⚠️ [incompatible] Unsupported: ||www.fuze-hill*.xyz^...
  ⚠️ [incompatible] Unsupported: ||www.fuze-sea*.xyz^...
  ⚠️ [incompatible] Unsupported: .fwmrm.net^...
  ⚠️ [incompatible] Unsupported: /^94\.242\.247\.(2[0-9]|3[0-2]):/...
  ⚠️ [incompatible] Unsupported: /^94\.242\.247\.(2[0-9]|3[0-2])/...
  ⚠️ [incompatible] Unsupported: /^23\.109\.170\.(18[7-9]|19[0-2])$/...
  ⚠️ [incompatible] Unsupported: /^23\.109\.73\.\d{3}/...
  ⚠️ [incompatible] Unsupported: /^188\.42\.84\.\d{1,3}/...
  ⚠️ [incompatible] Unsupported: /^139\.45\.19[5-7]\.\d{1,3}/...
  ⚠️ [incompatible] Unsupported: /^142\.91\.159\.(1[5-9]\d|2[0-4]\d|250):(80|443)$/...
  ⚠️ [incompatible] Unsupported: ||*.exaapi.com^...
  ⚠️ [incompatible] Unsupported: ||advertising.civitai....
  ⚠️ [incompatible] Unsupported: ||*two-gun-volley.pages.dev^...
  ⚠️ [incompatible] Unsupported: ||id-msp.newsbreak.com...
  ⚠️ [incompatible] Unsupported: ||advert*.livesportmedia.eu^...
  ⚠️ [incompatible] Unsupported: ||prebid-*.rubiconproject.com^...
  ⚠️ [incompatible] Unsupported: ||gamenguide.com*adbk...
  ⚠️ [incompatible] Unsupported: ||itechpost.com*adbk...
  ⚠️ [incompatible] Unsupported: ||pijama.*.elasticbeanstalk.com^...
  ⚠️ [incompatible] Unsupported: wykop.pl$badfilter...
  ⚠️ [incompatible] Unsupported: /139.45.197.24\d/...
  ⚠️ [incompatible] Unsupported: ||my-redirect-bucket-unique-*.s3.ap-northeast-1.amazonaws.com^...
  ⚠️ [incompatible] Unsupported: /^https:\/\/[a-z]{6,13}\.(cloud|xyz)\/[A-Za-z0-9_-]{48}[A-Z]{3}$/...
  ⚠️ [incompatible] Unsupported: /^https:\/\/www\.[a-z]{8,16}\.com\/(?:[A-Za-z]+\/)*(?:[_0-9A-Za-z]{1,20}[-.])*[_0-9A-Za-z]{1,20}\.js...
  ⚠️ [incompatible] Unsupported: ://trk.*.run^...
  ⚠️ [incompatible] Unsupported: Banner468x60...
  ⚠️ [incompatible] Unsupported: /^https:\/\/[a-z]{3,4}\.[a-z]{8,16}\.com\/loader\.min\.js$/$script,third-party,match-case,header=eta...
  ⚠️ [incompatible] Unsupported: /^https:\/\/d[0-9a-z]{12,13}\.cloudfront\.net\/loader\.min\.js$/$script,third-party,match-case,heade...
  ⚠️ [incompatible] Unsupported: ||palmendeals.blob.core.windows.net...
  ⚠️ [incompatible] Unsupported: ||fapnado.*.php|...
  ⚠️ [incompatible] Unsupported: rgmechanicsgames.com*VPN.exe...
  ⚠️ [incompatible] Unsupported: /doseofporn.com\/[a-z]{0,5}[1-9]{0,5}[a-z]{0,5}[1-9][s\S]*.js/...
  ⚠️ [incompatible] Unsupported: ||ads*.depositfiles.com^...
  ⚠️ [incompatible] Unsupported: ||ads*.depositfiles.org^...
  ⚠️ [incompatible] Unsupported: ||ads*.dfiles.eu^...
  ⚠️ [incompatible] Unsupported: ||ads*.dfiles.ru^...
  ⚠️ [incompatible] Unsupported: /https?:\/\/[a-z]{10,15}\.com\/[0-9a-zA-Z]{5,20}\/[0-9]{1,10}$/$script,match-case,header=set-cookie:...
  ⚠️ [incompatible] Unsupported: /https?:\/\/[a-z]{2}\.[a-z]{10,15}\.com\/[0-9a-zA-Z]{5,15}\/[a-zA-Z]{1,5}$/$script,match-case,header...
  ⚠️ [incompatible] Unsupported: /https?:\/\/[a-z0-9]{10,25}\.[a-z0-9]{10,20}\.cfd\/[a-zA-Z0-9]{10,25}\/[a-zA-Z0-9]{1,5}$/$script,mat...
  ⚠️ [incompatible] Unsupported: /^https?:\/\/(.+?\.)?videogamesblogger\.com\/wp-content\/uploads\/.*[a-zA-Z0-9]{8,}\.*/$badfilter...
  ⚠️ [incompatible] Unsupported: .n.2.1.js^...
  ⚠️ [incompatible] Unsupported: .n.2.1.l60.js^...
  ⚠️ [incompatible] Unsupported: .1.1.1.l80.js^...
  ⚠️ [fixable_plain] Extracted from plain domain: .3.n.2.1.l50.js...
  ⚠️ [fixable_plain] Extracted from plain domain: .3.n.2.2.l30.js...
  ⚠️ [incompatible] Unsupported: ://mine.torrent.pw^...
  ⚠️ [incompatible] Unsupported: ||hostingcloud.*.wasm^...
  ⚠️ [incompatible] Unsupported: vkcdnservice.appspot.com^...
  ⚠️ [incompatible] Unsupported: ||freecontent.date...
  ⚠️ [incompatible] Unsupported: ||freecontent.stream...
  ⚠️ [incompatible] Unsupported: ||s*.skencituer.com^...
  ⚠️ [incompatible] Unsupported: ://a.ads....
  ⚠️ [incompatible] Unsupported: ://ad-api-...
  ⚠️ [incompatible] Unsupported: ://ad1....
  ⚠️ [incompatible] Unsupported: ://ads2....
  ⚠️ [incompatible] Unsupported: ://adsbb....
  ⚠️ [incompatible] Unsupported: ://adserving....
  ⚠️ [incompatible] Unsupported: ://adsrv....
  ⚠️ [incompatible] Unsupported: ://aff-ads....
  ⚠️ [incompatible] Unsupported: ://affiliate....
  ⚠️ [incompatible] Unsupported: ://affiliates....
  ⚠️ [incompatible] Unsupported: ://affiliates2....
  ⚠️ [incompatible] Unsupported: ://banner....
  ⚠️ [incompatible] Unsupported: ://banners....
  ⚠️ [incompatible] Unsupported: ://oascentral....
  ⚠️ [fixable_plain] Extracted from plain domain: -120-600....
  ⚠️ [incompatible] Unsupported: -120x600-...
  ⚠️ [fixable_plain] Extracted from plain domain: -120x600....
  ⚠️ [fixable_plain] Extracted from plain domain: -160-600....
  ⚠️ [fixable_plain] Extracted from plain domain: -160x600....
  ⚠️ [fixable_plain] Extracted from plain domain: -300-250....
  ⚠️ [fixable_plain] Extracted from plain domain: -300x600....
  ⚠️ [fixable_plain] Extracted from plain domain: -460x68....
  ⚠️ [fixable_plain] Extracted from plain domain: -468-100....
  ⚠️ [incompatible] Unsupported: -468-60-...
  ⚠️ [fixable_plain] Extracted from plain domain: -468-60....
  ⚠️ [incompatible] Unsupported: -468x60-...
  ⚠️ [fixable_plain] Extracted from plain domain: -468x60....
  ⚠️ [fixable_plain] Extracted from plain domain: -468x70....
  ⚠️ [fixable_plain] Extracted from plain domain: -468x80....
  ⚠️ [fixable_plain] Extracted from plain domain: -468x90....
  ⚠️ [incompatible] Unsupported: -480x60-...
  ⚠️ [fixable_plain] Extracted from plain domain: -480x60....
  ⚠️ [fixable_plain] Extracted from plain domain: -486x60....
  ⚠️ [fixable_plain] Extracted from plain domain: -500x100....
  ⚠️ [fixable_plain] Extracted from plain domain: -600x70....
  ⚠️ [incompatible] Unsupported: -600x90-...
  ⚠️ [incompatible] Unsupported: -720x90-...
  ⚠️ [fixable_plain] Extracted from plain domain: -720x90....
  ⚠️ [incompatible] Unsupported: -728-90-...
  ⚠️ [fixable_plain] Extracted from plain domain: -728-90....
  ⚠️ [fixable_plain] Extracted from plain domain: -728.90....
  ⚠️ [incompatible] Unsupported: -728x90-...
  ⚠️ [fixable_plain] Extracted from plain domain: -728x90....
  ⚠️ [incompatible] Unsupported: -729x91-...
  ⚠️ [incompatible] Unsupported: -780x90-...
  ⚠️ [incompatible] Unsupported: -980x60-...
  ⚠️ [fixable_plain] Extracted from plain domain: -988x60....
  ⚠️ [fixable_plain] Extracted from plain domain: .120x600....
  ⚠️ [fixable_plain] Extracted from plain domain: .160x600....
  ⚠️ [fixable_plain] Extracted from plain domain: .300x250....
  ⚠️ [fixable_plain] Extracted from plain domain: .468x60-...
  ⚠️ [fixable_plain] Extracted from plain domain: .468x60....
  ⚠️ [fixable_plain] Extracted from plain domain: .468x80-...
  ⚠️ [fixable_plain] Extracted from plain domain: .468x80....
  ⚠️ [fixable_plain] Extracted from plain domain: .480x60-...
  ⚠️ [fixable_plain] Extracted from plain domain: .480x60....
  ⚠️ [fixable_plain] Extracted from plain domain: .728x90-...
  ⚠️ [fixable_plain] Extracted from plain domain: .900x100....
  ⚠️ [fixable_plain] Extracted from plain domain: .prtrackings.com...
  ⚠️ [incompatible] Unsupported: ||daleelerah.info...
  ⚠️ [incompatible] Unsupported: ||get-me-wow....
  ⚠️ [incompatible] Unsupported: /(https?:\/\/)104\.154\..{100,}/...
  ⚠️ [incompatible] Unsupported: /(https?:\/\/)104\.197\..{100,}/...
  ⚠️ [incompatible] Unsupported: /(https?:\/\/)104\.198\..{100,}/...
  ⚠️ [incompatible] Unsupported: /(https?:\/\/)130\.211\..{100,}/...
  ⚠️ [incompatible] Unsupported: /(https?:\/\/)142\.91\.159\..{100,}/...
  ⚠️ [incompatible] Unsupported: /(https?:\/\/)213\.32\.115\..{100,}/...
  ⚠️ [incompatible] Unsupported: /(https?:\/\/)216\.21\..{100,}/...
  ⚠️ [incompatible] Unsupported: /(https?:\/\/)217\.182\.11\..{100,}/...
  ⚠️ [incompatible] Unsupported: /(https?:\/\/)51\.195\.31\..{100,}/...
  ⚠️ [incompatible] Unsupported: ||admothreewallent.com...
  ⚠️ [incompatible] Unsupported: ||chaturbate.com*popunder...
  ⚠️ [incompatible] Unsupported: ||mimosaavior.top...
  ⚠️ [incompatible] Unsupported: ||proffering.xyz...
  ⚠️ [incompatible] Unsupported: /^https?:\/\/(35|104)\.(\d){1,3}\.(\d){1,3}\.(\d){1,3}\//...
  ⚠️ [incompatible] Unsupported: /^https?:\/\/146\.59\.211\.(\d){1,3}.*/...
  ⚠️ [incompatible] Unsupported: ||allsportsflix....
  ⚠️ [incompatible] Unsupported: ||cas.*.criteo.com^...
  ⚠️ [incompatible] Unsupported: ||util-*.simply-hentai.com^...
共 174 条警告
